<?xml version='1.0'?>
<ns2:test-suite xmlns:ns2='urn:model.allure.qatools.yandex.ru' start='1656396912719' stop='1656396913091'>
    <name>Coupons API tests</name>
    <title>Coupons API tests</title>
    <test-cases>
        <test-case start='1656396912719' status='failed' stop='1656396912748'>
            <name>can create a coupon</name>
            <title>can create a coupon</title>
            <labels/>
            <parameters/>
            <steps/>
            <attachments/>
            <failure>
                <message>Error: expect(received).toEqual(expected) // deep equality
                
                Expected: 201
                Received: 500</message>
                <stack-trace>Error: expect(received).toEqual(expected) // deep equality
                
                Expected: 201
                Received: 500
                    at Object.&lt;anonymous> (/home/runner/work/woocommerce/woocommerce/packages/js/api-core-tests/tests/coupons/coupons.test.js:22:33)
                    at processTicksAndRejections (node:internal/process/task_queues:96:5)</stack-trace>
            </failure>
        </test-case>
        <test-case start='1656396912748' status='failed' stop='1656396912769'>
            <name>can retrieve a coupon</name>
            <title>can retrieve a coupon</title>
            <labels/>
            <parameters/>
            <steps/>
            <attachments/>
            <failure>
                <message>Error: expect(received).toEqual(expected) // deep equality
                
                Expected: 200
                Received: 500</message>
                <stack-trace>Error: expect(received).toEqual(expected) // deep equality
                
                Expected: 200
                Received: 500
                    at Object.&lt;anonymous> (/home/runner/work/woocommerce/woocommerce/packages/js/api-core-tests/tests/coupons/coupons.test.js:38:33)
                    at processTicksAndRejections (node:internal/process/task_queues:96:5)</stack-trace>
            </failure>
        </test-case>
        <test-case start='1656396912769' status='failed' stop='1656396912791'>
            <name>can update a coupon</name>
            <title>can update a coupon</title>
            <labels/>
            <parameters/>
            <steps/>
            <attachments/>
            <failure>
                <message>Error: expect(received).toEqual(expected) // deep equality
                
                Expected: 200
                Received: 500</message>
                <stack-trace>Error: expect(received).toEqual(expected) // deep equality
                
                Expected: 200
                Received: 500
                    at Object.&lt;anonymous> (/home/runner/work/woocommerce/woocommerce/packages/js/api-core-tests/tests/coupons/coupons.test.js:55:33)
                    at processTicksAndRejections (node:internal/process/task_queues:96:5)</stack-trace>
            </failure>
        </test-case>
        <test-case start='1656396912791' status='failed' stop='1656396912811'>
            <name>can permanently delete a coupon</name>
            <title>can permanently delete a coupon</title>
            <labels/>
            <parameters/>
            <steps/>
            <attachments/>
            <failure>
                <message>Error: expect(received).toEqual(expected) // deep equality
                
                Expected: 200
                Received: 500</message>
                <stack-trace>Error: expect(received).toEqual(expected) // deep equality
                
                Expected: 200
                Received: 500
                    at Object.&lt;anonymous> (/home/runner/work/woocommerce/woocommerce/packages/js/api-core-tests/tests/coupons/coupons.test.js:64:33)
                    at processTicksAndRejections (node:internal/process/task_queues:96:5)</stack-trace>
            </failure>
        </test-case>
    </test-cases>
</ns2:test-suite>