<?xml version='1.0'?>
<ns2:test-suite xmlns:ns2='urn:model.allure.qatools.yandex.ru' start='1655092688000' stop='1655092718381'>
    <name>Orders API tests List all orders</name>
    <title>Orders API tests List all orders</title>
    <test-cases>
        <test-case start='1655092688000' status='failed' stop='1655092690749'>
            <name>pagination</name>
            <title>pagination</title>
            <labels/>
            <parameters/>
            <steps/>
            <attachments/>
            <failure>
                <message>Error: Timeout - Async callback was not invoked within the 100000ms timeout specified by jest.setTimeout.</message>
                <stack-trace>Timeout - Async callback was not invoked within the 100000ms timeout specified by jest.setTimeout.Error: Timeout - Async callback was not invoked within the 100000ms timeout specified by jest.setTimeout.
                    at mapper (/home/runner/work/woocommerce/woocommerce/node_modules/.pnpm/jest-jasmine2@25.5.4/node_modules/jest-jasmine2/build/queueRunner.js:27:45)
                    at /home/runner/work/woocommerce/woocommerce/node_modules/.pnpm/jest-jasmine2@25.5.4/node_modules/jest-jasmine2/build/queueRunner.js:75:41</stack-trace>
            </failure>
        </test-case>
        <test-case start='1655092690749' status='failed' stop='1655092695044'>
            <name>inclusion / exclusion</name>
            <title>inclusion / exclusion</title>
            <labels/>
            <parameters/>
            <steps/>
            <attachments/>
            <failure>
                <message>Error: Timeout - Async callback was not invoked within the 100000ms timeout specified by jest.setTimeout.</message>
                <stack-trace>Timeout - Async callback was not invoked within the 100000ms timeout specified by jest.setTimeout.Error: Timeout - Async callback was not invoked within the 100000ms timeout specified by jest.setTimeout.
                    at mapper (/home/runner/work/woocommerce/woocommerce/node_modules/.pnpm/jest-jasmine2@25.5.4/node_modules/jest-jasmine2/build/queueRunner.js:27:45)
                    at /home/runner/work/woocommerce/woocommerce/node_modules/.pnpm/jest-jasmine2@25.5.4/node_modules/jest-jasmine2/build/queueRunner.js:75:41</stack-trace>
            </failure>
        </test-case>
        <test-case start='1655092695044' status='failed' stop='1655092695044'>
            <name>parent</name>
            <title>parent</title>
            <labels/>
            <parameters/>
            <steps/>
            <attachments/>
            <failure>
                <message>Error: Timeout - Async callback was not invoked within the 100000ms timeout specified by jest.setTimeout.</message>
                <stack-trace>Timeout - Async callback was not invoked within the 100000ms timeout specified by jest.setTimeout.Error: Timeout - Async callback was not invoked within the 100000ms timeout specified by jest.setTimeout.
                    at mapper (/home/runner/work/woocommerce/woocommerce/node_modules/.pnpm/jest-jasmine2@25.5.4/node_modules/jest-jasmine2/build/queueRunner.js:27:45)
                    at /home/runner/work/woocommerce/woocommerce/node_modules/.pnpm/jest-jasmine2@25.5.4/node_modules/jest-jasmine2/build/queueRunner.js:75:41</stack-trace>
            </failure>
        </test-case>
        <test-case start='1655092695045' status='failed' stop='1655092696467'>
            <name>status</name>
            <title>status</title>
            <labels/>
            <parameters/>
            <steps/>
            <attachments/>
            <failure>
                <message>Error: Timeout - Async callback was not invoked within the 100000ms timeout specified by jest.setTimeout.</message>
                <stack-trace>Timeout - Async callback was not invoked within the 100000ms timeout specified by jest.setTimeout.Error: Timeout - Async callback was not invoked within the 100000ms timeout specified by jest.setTimeout.
                    at mapper (/home/runner/work/woocommerce/woocommerce/node_modules/.pnpm/jest-jasmine2@25.5.4/node_modules/jest-jasmine2/build/queueRunner.js:27:45)
                    at /home/runner/work/woocommerce/woocommerce/node_modules/.pnpm/jest-jasmine2@25.5.4/node_modules/jest-jasmine2/build/queueRunner.js:75:41</stack-trace>
            </failure>
        </test-case>
        <test-case start='1655092696467' status='failed' stop='1655092696468'>
            <name>customer</name>
            <title>customer</title>
            <labels/>
            <parameters/>
            <steps/>
            <attachments/>
            <failure>
                <message>Error: Timeout - Async callback was not invoked within the 100000ms timeout specified by jest.setTimeout.</message>
                <stack-trace>Timeout - Async callback was not invoked within the 100000ms timeout specified by jest.setTimeout.Error: Timeout - Async callback was not invoked within the 100000ms timeout specified by jest.setTimeout.
                    at mapper (/home/runner/work/woocommerce/woocommerce/node_modules/.pnpm/jest-jasmine2@25.5.4/node_modules/jest-jasmine2/build/queueRunner.js:27:45)
                    at /home/runner/work/woocommerce/woocommerce/node_modules/.pnpm/jest-jasmine2@25.5.4/node_modules/jest-jasmine2/build/queueRunner.js:75:41</stack-trace>
            </failure>
        </test-case>
        <test-case start='1655092696468' status='failed' stop='1655092696469'>
            <name>product</name>
            <title>product</title>
            <labels/>
            <parameters/>
            <steps/>
            <attachments/>
            <failure>
                <message>Error: Timeout - Async callback was not invoked within the 100000ms timeout specified by jest.setTimeout.</message>
                <stack-trace>Timeout - Async callback was not invoked within the 100000ms timeout specified by jest.setTimeout.Error: Timeout - Async callback was not invoked within the 100000ms timeout specified by jest.setTimeout.
                    at mapper (/home/runner/work/woocommerce/woocommerce/node_modules/.pnpm/jest-jasmine2@25.5.4/node_modules/jest-jasmine2/build/queueRunner.js:27:45)
                    at /home/runner/work/woocommerce/woocommerce/node_modules/.pnpm/jest-jasmine2@25.5.4/node_modules/jest-jasmine2/build/queueRunner.js:75:41</stack-trace>
            </failure>
        </test-case>
        <test-case start='1655092696469' status='failed' stop='1655092696471'>
            <name>dp (precision)</name>
            <title>dp (precision)</title>
            <labels/>
            <parameters/>
            <steps/>
            <attachments/>
            <failure>
                <message>Error: Timeout - Async callback was not invoked within the 100000ms timeout specified by jest.setTimeout.</message>
                <stack-trace>Timeout - Async callback was not invoked within the 100000ms timeout specified by jest.setTimeout.Error: Timeout - Async callback was not invoked within the 100000ms timeout specified by jest.setTimeout.
                    at mapper (/home/runner/work/woocommerce/woocommerce/node_modules/.pnpm/jest-jasmine2@25.5.4/node_modules/jest-jasmine2/build/queueRunner.js:27:45)
                    at /home/runner/work/woocommerce/woocommerce/node_modules/.pnpm/jest-jasmine2@25.5.4/node_modules/jest-jasmine2/build/queueRunner.js:75:41</stack-trace>
            </failure>
        </test-case>
        <test-case start='1655092696471' status='failed' stop='1655092707706'>
            <name>search</name>
            <title>search</title>
            <labels/>
            <parameters/>
            <steps/>
            <attachments/>
            <failure>
                <message>Error: Timeout - Async callback was not invoked within the 100000ms timeout specified by jest.setTimeout.</message>
                <stack-trace>Timeout - Async callback was not invoked within the 100000ms timeout specified by jest.setTimeout.Error: Timeout - Async callback was not invoked within the 100000ms timeout specified by jest.setTimeout.
                    at mapper (/home/runner/work/woocommerce/woocommerce/node_modules/.pnpm/jest-jasmine2@25.5.4/node_modules/jest-jasmine2/build/queueRunner.js:27:45)
                    at /home/runner/work/woocommerce/woocommerce/node_modules/.pnpm/jest-jasmine2@25.5.4/node_modules/jest-jasmine2/build/queueRunner.js:75:41</stack-trace>
            </failure>
        </test-case>
    </test-cases>
</ns2:test-suite>