<?xml version='1.0'?>
<ns2:test-suite xmlns:ns2='urn:model.allure.qatools.yandex.ru' start='1657516153235' stop='1657516217132'>
    <name>Orders API tests</name>
    <title>Orders API tests</title>
    <test-cases>
        <test-case start='1657516196131' status='failed' stop='1657516197407'>
            <name>can create an order</name>
            <title>can create an order</title>
            <labels/>
            <parameters/>
            <steps/>
            <attachments/>
            <failure>
                <message>TypeError: Cannot read properties of undefined (reading 'id')</message>
                <stack-trace>TypeError: Cannot read properties of undefined (reading 'id')
                    at createSampleProductOrders (/home/runner/work/woocommerce/woocommerce/packages/js/api-core-tests/data/product-list.js:1615:24)
                    at Object.createSampleData (/home/runner/work/woocommerce/woocommerce/packages/js/api-core-tests/data/product-list.js:1653:23)
                    at processTicksAndRejections (node:internal/process/task_queues:96:5)
                    at createSampleData (/home/runner/work/woocommerce/woocommerce/packages/js/api-core-tests/data/orders.js:17:26)
                    at Object.&lt;anonymous> (/home/runner/work/woocommerce/woocommerce/packages/js/api-core-tests/tests/orders/orders.test.js:49:16)</stack-trace>
            </failure>
        </test-case>
        <test-case start='1657516197408' status='failed' stop='1657516198776'>
            <name>can retrieve an order</name>
            <title>can retrieve an order</title>
            <labels/>
            <parameters/>
            <steps/>
            <attachments/>
            <failure>
                <message>TypeError: Cannot read properties of undefined (reading 'id')</message>
                <stack-trace>TypeError: Cannot read properties of undefined (reading 'id')
                    at createSampleProductOrders (/home/runner/work/woocommerce/woocommerce/packages/js/api-core-tests/data/product-list.js:1615:24)
                    at Object.createSampleData (/home/runner/work/woocommerce/woocommerce/packages/js/api-core-tests/data/product-list.js:1653:23)
                    at processTicksAndRejections (node:internal/process/task_queues:96:5)
                    at createSampleData (/home/runner/work/woocommerce/woocommerce/packages/js/api-core-tests/data/orders.js:17:26)
                    at Object.&lt;anonymous> (/home/runner/work/woocommerce/woocommerce/packages/js/api-core-tests/tests/orders/orders.test.js:49:16)</stack-trace>
            </failure>
        </test-case>
        <test-case start='1657516198776' status='failed' stop='1657516200264'>
            <name>can add shipping and billing contacts to an order</name>
            <title>can add shipping and billing contacts to an order</title>
            <labels/>
            <parameters/>
            <steps/>
            <attachments/>
            <failure>
                <message>TypeError: Cannot read properties of undefined (reading 'id')</message>
                <stack-trace>TypeError: Cannot read properties of undefined (reading 'id')
                    at createSampleProductOrders (/home/runner/work/woocommerce/woocommerce/packages/js/api-core-tests/data/product-list.js:1615:24)
                    at Object.createSampleData (/home/runner/work/woocommerce/woocommerce/packages/js/api-core-tests/data/product-list.js:1653:23)
                    at processTicksAndRejections (node:internal/process/task_queues:96:5)
                    at createSampleData (/home/runner/work/woocommerce/woocommerce/packages/js/api-core-tests/data/orders.js:17:26)
                    at Object.&lt;anonymous> (/home/runner/work/woocommerce/woocommerce/packages/js/api-core-tests/tests/orders/orders.test.js:49:16)</stack-trace>
            </failure>
        </test-case>
        <test-case start='1657516200264' status='failed' stop='1657516203182'>
            <name>can permanently delete an order</name>
            <title>can permanently delete an order</title>
            <labels/>
            <parameters/>
            <steps/>
            <attachments/>
            <failure>
                <message>TypeError: Cannot read properties of undefined (reading 'id')</message>
                <stack-trace>TypeError: Cannot read properties of undefined (reading 'id')
                    at createSampleProductOrders (/home/runner/work/woocommerce/woocommerce/packages/js/api-core-tests/data/product-list.js:1615:24)
                    at Object.createSampleData (/home/runner/work/woocommerce/woocommerce/packages/js/api-core-tests/data/product-list.js:1653:23)
                    at processTicksAndRejections (node:internal/process/task_queues:96:5)
                    at createSampleData (/home/runner/work/woocommerce/woocommerce/packages/js/api-core-tests/data/orders.js:17:26)
                    at Object.&lt;anonymous> (/home/runner/work/woocommerce/woocommerce/packages/js/api-core-tests/tests/orders/orders.test.js:49:16)</stack-trace>
            </failure>
        </test-case>
    </test-cases>
</ns2:test-suite>