<?xml version='1.0'?>
<ns2:test-suite xmlns:ns2='urn:model.allure.qatools.yandex.ru' start='1665115304125' stop='1665115310033'>
    <name>Coupons API tests Batch update coupons</name>
    <title>Coupons API tests Batch update coupons</title>
    <test-cases>
        <test-case start='1665115304125' status='failed' stop='1665115305916'>
            <name>can batch create coupons</name>
            <title>can batch create coupons</title>
            <labels/>
            <parameters/>
            <steps/>
            <attachments/>
            <failure>
                <message>Error: expect(received).toEqual(expected) // deep equality
                
                Expected: 200
                Received: 404</message>
                <stack-trace>Error: expect(received).toEqual(expected) // deep equality
                
                Expected: 200
                Received: 404
                    at Object.&lt;anonymous> (/home/runner/work/woocommerce/woocommerce/packages/js/api-core-tests/tests/coupons/coupons.test.js:96:41)
                    at processTicksAndRejections (node:internal/process/task_queues:96:5)</stack-trace>
            </failure>
        </test-case>
        <test-case start='1665115305916' status='failed' stop='1665115308192'>
            <name>can batch update coupons</name>
            <title>can batch update coupons</title>
            <labels/>
            <parameters/>
            <steps/>
            <attachments/>
            <failure>
                <message>Error: expect(received).toEqual(expected) // deep equality
                
                Expected: 200
                Received: 404</message>
                <stack-trace>Error: expect(received).toEqual(expected) // deep equality
                
                Expected: 200
                Received: 404
                    at Object.&lt;anonymous> (/home/runner/work/woocommerce/woocommerce/packages/js/api-core-tests/tests/coupons/coupons.test.js:136:41)
                    at processTicksAndRejections (node:internal/process/task_queues:96:5)</stack-trace>
            </failure>
        </test-case>
        <test-case start='1665115308192' status='failed' stop='1665115310033'>
            <name>can batch delete coupons</name>
            <title>can batch delete coupons</title>
            <labels/>
            <parameters/>
            <steps/>
            <attachments/>
            <failure>
                <message>TypeError: Cannot read properties of undefined (reading 'map')</message>
                <stack-trace>TypeError: Cannot read properties of undefined (reading 'map')
                    at Object.&lt;anonymous> (/home/runner/work/woocommerce/woocommerce/packages/js/api-core-tests/tests/coupons/coupons.test.js:161:61)
                    at processTicksAndRejections (node:internal/process/task_queues:96:5)</stack-trace>
            </failure>
        </test-case>
    </test-cases>
</ns2:test-suite>