<?xml version='1.0'?>
<ns2:test-suite xmlns:ns2='urn:model.allure.qatools.yandex.ru' start='1659244602113' stop='1659244617957'>
    <name>Orders API tests List all orders</name>
    <title>Orders API tests List all orders</title>
    <test-cases>
        <test-case start='1659244602113' status='failed' stop='1659244605577'>
            <name>pagination</name>
            <title>pagination</title>
            <labels/>
            <parameters/>
            <steps/>
            <attachments/>
            <failure>
                <message>TypeError: Cannot read properties of undefined (reading 'id')</message>
                <stack-trace>TypeError: Cannot read properties of undefined (reading 'id')
                    at createSampleProductReviews (/home/runner/work/woocommerce/woocommerce/packages/js/api-core-tests/data/product-list.js:1573:59)
                    at Object.createSampleData (/home/runner/work/woocommerce/woocommerce/packages/js/api-core-tests/data/product-list.js:1652:26)
                    at processTicksAndRejections (node:internal/process/task_queues:96:5)
                    at createSampleData (/home/runner/work/woocommerce/woocommerce/packages/js/api-core-tests/data/orders.js:17:26)
                    at Object.&lt;anonymous> (/home/runner/work/woocommerce/woocommerce/packages/js/api-core-tests/tests/orders/orders.test.js:49:16)</stack-trace>
            </failure>
        </test-case>
        <test-case start='1659244605577' status='failed' stop='1659244607254'>
            <name>inclusion / exclusion</name>
            <title>inclusion / exclusion</title>
            <labels/>
            <parameters/>
            <steps/>
            <attachments/>
            <failure>
                <message>TypeError: Cannot read properties of undefined (reading 'id')</message>
                <stack-trace>TypeError: Cannot read properties of undefined (reading 'id')
                    at createSampleProductReviews (/home/runner/work/woocommerce/woocommerce/packages/js/api-core-tests/data/product-list.js:1573:59)
                    at Object.createSampleData (/home/runner/work/woocommerce/woocommerce/packages/js/api-core-tests/data/product-list.js:1652:26)
                    at processTicksAndRejections (node:internal/process/task_queues:96:5)
                    at createSampleData (/home/runner/work/woocommerce/woocommerce/packages/js/api-core-tests/data/orders.js:17:26)
                    at Object.&lt;anonymous> (/home/runner/work/woocommerce/woocommerce/packages/js/api-core-tests/tests/orders/orders.test.js:49:16)</stack-trace>
            </failure>
        </test-case>
        <test-case start='1659244607254' status='failed' stop='1659244607255'>
            <name>parent</name>
            <title>parent</title>
            <labels/>
            <parameters/>
            <steps/>
            <attachments/>
            <failure>
                <message>TypeError: Cannot read properties of undefined (reading 'id')</message>
                <stack-trace>TypeError: Cannot read properties of undefined (reading 'id')
                    at createSampleProductReviews (/home/runner/work/woocommerce/woocommerce/packages/js/api-core-tests/data/product-list.js:1573:59)
                    at Object.createSampleData (/home/runner/work/woocommerce/woocommerce/packages/js/api-core-tests/data/product-list.js:1652:26)
                    at processTicksAndRejections (node:internal/process/task_queues:96:5)
                    at createSampleData (/home/runner/work/woocommerce/woocommerce/packages/js/api-core-tests/data/orders.js:17:26)
                    at Object.&lt;anonymous> (/home/runner/work/woocommerce/woocommerce/packages/js/api-core-tests/tests/orders/orders.test.js:49:16)</stack-trace>
            </failure>
        </test-case>
        <test-case start='1659244607255' status='failed' stop='1659244609301'>
            <name>status</name>
            <title>status</title>
            <labels/>
            <parameters/>
            <steps/>
            <attachments/>
            <failure>
                <message>TypeError: Cannot read properties of undefined (reading 'id')</message>
                <stack-trace>TypeError: Cannot read properties of undefined (reading 'id')
                    at createSampleProductReviews (/home/runner/work/woocommerce/woocommerce/packages/js/api-core-tests/data/product-list.js:1573:59)
                    at Object.createSampleData (/home/runner/work/woocommerce/woocommerce/packages/js/api-core-tests/data/product-list.js:1652:26)
                    at processTicksAndRejections (node:internal/process/task_queues:96:5)
                    at createSampleData (/home/runner/work/woocommerce/woocommerce/packages/js/api-core-tests/data/orders.js:17:26)
                    at Object.&lt;anonymous> (/home/runner/work/woocommerce/woocommerce/packages/js/api-core-tests/tests/orders/orders.test.js:49:16)</stack-trace>
            </failure>
        </test-case>
        <test-case start='1659244609301' status='failed' stop='1659244609302'>
            <name>customer</name>
            <title>customer</title>
            <labels/>
            <parameters/>
            <steps/>
            <attachments/>
            <failure>
                <message>TypeError: Cannot read properties of undefined (reading 'id')</message>
                <stack-trace>TypeError: Cannot read properties of undefined (reading 'id')
                    at createSampleProductReviews (/home/runner/work/woocommerce/woocommerce/packages/js/api-core-tests/data/product-list.js:1573:59)
                    at Object.createSampleData (/home/runner/work/woocommerce/woocommerce/packages/js/api-core-tests/data/product-list.js:1652:26)
                    at processTicksAndRejections (node:internal/process/task_queues:96:5)
                    at createSampleData (/home/runner/work/woocommerce/woocommerce/packages/js/api-core-tests/data/orders.js:17:26)
                    at Object.&lt;anonymous> (/home/runner/work/woocommerce/woocommerce/packages/js/api-core-tests/tests/orders/orders.test.js:49:16)</stack-trace>
            </failure>
        </test-case>
        <test-case start='1659244609303' status='failed' stop='1659244609303'>
            <name>product</name>
            <title>product</title>
            <labels/>
            <parameters/>
            <steps/>
            <attachments/>
            <failure>
                <message>TypeError: Cannot read properties of undefined (reading 'id')</message>
                <stack-trace>TypeError: Cannot read properties of undefined (reading 'id')
                    at createSampleProductReviews (/home/runner/work/woocommerce/woocommerce/packages/js/api-core-tests/data/product-list.js:1573:59)
                    at Object.createSampleData (/home/runner/work/woocommerce/woocommerce/packages/js/api-core-tests/data/product-list.js:1652:26)
                    at processTicksAndRejections (node:internal/process/task_queues:96:5)
                    at createSampleData (/home/runner/work/woocommerce/woocommerce/packages/js/api-core-tests/data/orders.js:17:26)
                    at Object.&lt;anonymous> (/home/runner/work/woocommerce/woocommerce/packages/js/api-core-tests/tests/orders/orders.test.js:49:16)</stack-trace>
            </failure>
        </test-case>
        <test-case start='1659244609304' status='failed' stop='1659244609304'>
            <name>dp (precision)</name>
            <title>dp (precision)</title>
            <labels/>
            <parameters/>
            <steps/>
            <attachments/>
            <failure>
                <message>TypeError: Cannot read properties of undefined (reading 'id')</message>
                <stack-trace>TypeError: Cannot read properties of undefined (reading 'id')
                    at createSampleProductReviews (/home/runner/work/woocommerce/woocommerce/packages/js/api-core-tests/data/product-list.js:1573:59)
                    at Object.createSampleData (/home/runner/work/woocommerce/woocommerce/packages/js/api-core-tests/data/product-list.js:1652:26)
                    at processTicksAndRejections (node:internal/process/task_queues:96:5)
                    at createSampleData (/home/runner/work/woocommerce/woocommerce/packages/js/api-core-tests/data/orders.js:17:26)
                    at Object.&lt;anonymous> (/home/runner/work/woocommerce/woocommerce/packages/js/api-core-tests/tests/orders/orders.test.js:49:16)</stack-trace>
            </failure>
        </test-case>
        <test-case start='1659244609304' status='failed' stop='1659244611283'>
            <name>search</name>
            <title>search</title>
            <labels/>
            <parameters/>
            <steps/>
            <attachments/>
            <failure>
                <message>TypeError: Cannot read properties of undefined (reading 'id')</message>
                <stack-trace>TypeError: Cannot read properties of undefined (reading 'id')
                    at createSampleProductReviews (/home/runner/work/woocommerce/woocommerce/packages/js/api-core-tests/data/product-list.js:1573:59)
                    at Object.createSampleData (/home/runner/work/woocommerce/woocommerce/packages/js/api-core-tests/data/product-list.js:1652:26)
                    at processTicksAndRejections (node:internal/process/task_queues:96:5)
                    at createSampleData (/home/runner/work/woocommerce/woocommerce/packages/js/api-core-tests/data/orders.js:17:26)
                    at Object.&lt;anonymous> (/home/runner/work/woocommerce/woocommerce/packages/js/api-core-tests/tests/orders/orders.test.js:49:16)</stack-trace>
            </failure>
        </test-case>
    </test-cases>
</ns2:test-suite>