<?xml version='1.0'?>
<ns2:test-suite xmlns:ns2='urn:model.allure.qatools.yandex.ru' start='1665115310039' stop='1665115322770'>
    <name>Coupons API tests List coupons</name>
    <title>Coupons API tests List coupons</title>
    <test-cases>
        <test-case start='1665115312023' status='failed' stop='1665115314032'>
            <name>can list all coupons by default</name>
            <title>can list all coupons by default</title>
            <labels/>
            <parameters/>
            <steps/>
            <attachments/>
            <failure>
                <message>TypeError: Cannot read properties of undefined (reading 'find')</message>
                <stack-trace>TypeError: Cannot read properties of undefined (reading 'find')
                    at Object.&lt;anonymous> (/home/runner/work/woocommerce/woocommerce/packages/js/api-core-tests/tests/coupons/coupons.test.js:206:41)
                    at processTicksAndRejections (node:internal/process/task_queues:96:5)</stack-trace>
            </failure>
        </test-case>
        <test-case start='1665115314032' status='failed' stop='1665115316275'>
            <name>can limit result set to matching code</name>
            <title>can limit result set to matching code</title>
            <labels/>
            <parameters/>
            <steps/>
            <attachments/>
            <failure>
                <message>TypeError: Cannot read properties of undefined (reading 'find')</message>
                <stack-trace>TypeError: Cannot read properties of undefined (reading 'find')
                    at Object.&lt;anonymous> (/home/runner/work/woocommerce/woocommerce/packages/js/api-core-tests/tests/coupons/coupons.test.js:206:41)
                    at processTicksAndRejections (node:internal/process/task_queues:96:5)</stack-trace>
            </failure>
        </test-case>
        <test-case start='1665115316275' status='failed' stop='1665115318377'>
            <name>can paginate results</name>
            <title>can paginate results</title>
            <labels/>
            <parameters/>
            <steps/>
            <attachments/>
            <failure>
                <message>TypeError: Cannot read properties of undefined (reading 'find')</message>
                <stack-trace>TypeError: Cannot read properties of undefined (reading 'find')
                    at Object.&lt;anonymous> (/home/runner/work/woocommerce/woocommerce/packages/js/api-core-tests/tests/coupons/coupons.test.js:206:41)
                    at processTicksAndRejections (node:internal/process/task_queues:96:5)</stack-trace>
            </failure>
        </test-case>
        <test-case start='1665115318377' status='failed' stop='1665115320605'>
            <name>can limit results to matching string</name>
            <title>can limit results to matching string</title>
            <labels/>
            <parameters/>
            <steps/>
            <attachments/>
            <failure>
                <message>TypeError: Cannot read properties of undefined (reading 'find')</message>
                <stack-trace>TypeError: Cannot read properties of undefined (reading 'find')
                    at Object.&lt;anonymous> (/home/runner/work/woocommerce/woocommerce/packages/js/api-core-tests/tests/coupons/coupons.test.js:206:41)
                    at processTicksAndRejections (node:internal/process/task_queues:96:5)</stack-trace>
            </failure>
        </test-case>
    </test-cases>
</ns2:test-suite>