<?xml version='1.0'?>
<ns2:test-suite xmlns:ns2='urn:model.allure.qatools.yandex.ru' start='1655355802587' stop='1655355814622'>
    <name>Orders API tests List all orders</name>
    <title>Orders API tests List all orders</title>
    <test-cases>
        <test-case start='1655355802588' status='failed' stop='1655355805081'>
            <name>pagination</name>
            <title>pagination</title>
            <labels/>
            <parameters/>
            <steps/>
            <attachments/>
            <failure>
                <message>TypeError: Cannot read properties of undefined (reading 'id')</message>
                <stack-trace>TypeError: Cannot read properties of undefined (reading 'id')
                    at createSampleProductReviews (/home/runner/work/woocommerce/woocommerce/packages/js/api-core-tests/data/product-list.js:1573:59)
                    at Object.createSampleData (/home/runner/work/woocommerce/woocommerce/packages/js/api-core-tests/data/product-list.js:1652:26)
                    at processTicksAndRejections (node:internal/process/task_queues:96:5)
                    at createSampleData (/home/runner/work/woocommerce/woocommerce/packages/js/api-core-tests/data/orders.js:17:26)
                    at Object.&lt;anonymous> (/home/runner/work/woocommerce/woocommerce/packages/js/api-core-tests/tests/orders/orders.test.js:49:16)</stack-trace>
            </failure>
        </test-case>
        <test-case start='1655355805081' status='failed' stop='1655355806316'>
            <name>inclusion / exclusion</name>
            <title>inclusion / exclusion</title>
            <labels/>
            <parameters/>
            <steps/>
            <attachments/>
            <failure>
                <message>TypeError: Cannot read properties of undefined (reading 'id')</message>
                <stack-trace>TypeError: Cannot read properties of undefined (reading 'id')
                    at createSampleProductReviews (/home/runner/work/woocommerce/woocommerce/packages/js/api-core-tests/data/product-list.js:1573:59)
                    at Object.createSampleData (/home/runner/work/woocommerce/woocommerce/packages/js/api-core-tests/data/product-list.js:1652:26)
                    at processTicksAndRejections (node:internal/process/task_queues:96:5)
                    at createSampleData (/home/runner/work/woocommerce/woocommerce/packages/js/api-core-tests/data/orders.js:17:26)
                    at Object.&lt;anonymous> (/home/runner/work/woocommerce/woocommerce/packages/js/api-core-tests/tests/orders/orders.test.js:49:16)</stack-trace>
            </failure>
        </test-case>
        <test-case start='1655355806316' status='failed' stop='1655355806317'>
            <name>parent</name>
            <title>parent</title>
            <labels/>
            <parameters/>
            <steps/>
            <attachments/>
            <failure>
                <message>TypeError: Cannot read properties of undefined (reading 'id')</message>
                <stack-trace>TypeError: Cannot read properties of undefined (reading 'id')
                    at createSampleProductReviews (/home/runner/work/woocommerce/woocommerce/packages/js/api-core-tests/data/product-list.js:1573:59)
                    at Object.createSampleData (/home/runner/work/woocommerce/woocommerce/packages/js/api-core-tests/data/product-list.js:1652:26)
                    at processTicksAndRejections (node:internal/process/task_queues:96:5)
                    at createSampleData (/home/runner/work/woocommerce/woocommerce/packages/js/api-core-tests/data/orders.js:17:26)
                    at Object.&lt;anonymous> (/home/runner/work/woocommerce/woocommerce/packages/js/api-core-tests/tests/orders/orders.test.js:49:16)</stack-trace>
            </failure>
        </test-case>
        <test-case start='1655355806317' status='failed' stop='1655355808163'>
            <name>status</name>
            <title>status</title>
            <labels/>
            <parameters/>
            <steps/>
            <attachments/>
            <failure>
                <message>TypeError: Cannot read properties of undefined (reading 'id')</message>
                <stack-trace>TypeError: Cannot read properties of undefined (reading 'id')
                    at createSampleProductReviews (/home/runner/work/woocommerce/woocommerce/packages/js/api-core-tests/data/product-list.js:1573:59)
                    at Object.createSampleData (/home/runner/work/woocommerce/woocommerce/packages/js/api-core-tests/data/product-list.js:1652:26)
                    at processTicksAndRejections (node:internal/process/task_queues:96:5)
                    at createSampleData (/home/runner/work/woocommerce/woocommerce/packages/js/api-core-tests/data/orders.js:17:26)
                    at Object.&lt;anonymous> (/home/runner/work/woocommerce/woocommerce/packages/js/api-core-tests/tests/orders/orders.test.js:49:16)</stack-trace>
            </failure>
        </test-case>
        <test-case start='1655355808163' status='failed' stop='1655355808164'>
            <name>customer</name>
            <title>customer</title>
            <labels/>
            <parameters/>
            <steps/>
            <attachments/>
            <failure>
                <message>TypeError: Cannot read properties of undefined (reading 'id')</message>
                <stack-trace>TypeError: Cannot read properties of undefined (reading 'id')
                    at createSampleProductReviews (/home/runner/work/woocommerce/woocommerce/packages/js/api-core-tests/data/product-list.js:1573:59)
                    at Object.createSampleData (/home/runner/work/woocommerce/woocommerce/packages/js/api-core-tests/data/product-list.js:1652:26)
                    at processTicksAndRejections (node:internal/process/task_queues:96:5)
                    at createSampleData (/home/runner/work/woocommerce/woocommerce/packages/js/api-core-tests/data/orders.js:17:26)
                    at Object.&lt;anonymous> (/home/runner/work/woocommerce/woocommerce/packages/js/api-core-tests/tests/orders/orders.test.js:49:16)</stack-trace>
            </failure>
        </test-case>
        <test-case start='1655355808164' status='failed' stop='1655355808166'>
            <name>product</name>
            <title>product</title>
            <labels/>
            <parameters/>
            <steps/>
            <attachments/>
            <failure>
                <message>TypeError: Cannot read properties of undefined (reading 'id')</message>
                <stack-trace>TypeError: Cannot read properties of undefined (reading 'id')
                    at createSampleProductReviews (/home/runner/work/woocommerce/woocommerce/packages/js/api-core-tests/data/product-list.js:1573:59)
                    at Object.createSampleData (/home/runner/work/woocommerce/woocommerce/packages/js/api-core-tests/data/product-list.js:1652:26)
                    at processTicksAndRejections (node:internal/process/task_queues:96:5)
                    at createSampleData (/home/runner/work/woocommerce/woocommerce/packages/js/api-core-tests/data/orders.js:17:26)
                    at Object.&lt;anonymous> (/home/runner/work/woocommerce/woocommerce/packages/js/api-core-tests/tests/orders/orders.test.js:49:16)</stack-trace>
            </failure>
        </test-case>
        <test-case start='1655355808166' status='failed' stop='1655355808166'>
            <name>dp (precision)</name>
            <title>dp (precision)</title>
            <labels/>
            <parameters/>
            <steps/>
            <attachments/>
            <failure>
                <message>TypeError: Cannot read properties of undefined (reading 'id')</message>
                <stack-trace>TypeError: Cannot read properties of undefined (reading 'id')
                    at createSampleProductReviews (/home/runner/work/woocommerce/woocommerce/packages/js/api-core-tests/data/product-list.js:1573:59)
                    at Object.createSampleData (/home/runner/work/woocommerce/woocommerce/packages/js/api-core-tests/data/product-list.js:1652:26)
                    at processTicksAndRejections (node:internal/process/task_queues:96:5)
                    at createSampleData (/home/runner/work/woocommerce/woocommerce/packages/js/api-core-tests/data/orders.js:17:26)
                    at Object.&lt;anonymous> (/home/runner/work/woocommerce/woocommerce/packages/js/api-core-tests/tests/orders/orders.test.js:49:16)</stack-trace>
            </failure>
        </test-case>
        <test-case start='1655355808166' status='failed' stop='1655355809531'>
            <name>search</name>
            <title>search</title>
            <labels/>
            <parameters/>
            <steps/>
            <attachments/>
            <failure>
                <message>TypeError: Cannot read properties of undefined (reading 'id')</message>
                <stack-trace>TypeError: Cannot read properties of undefined (reading 'id')
                    at createSampleProductReviews (/home/runner/work/woocommerce/woocommerce/packages/js/api-core-tests/data/product-list.js:1573:59)
                    at Object.createSampleData (/home/runner/work/woocommerce/woocommerce/packages/js/api-core-tests/data/product-list.js:1652:26)
                    at processTicksAndRejections (node:internal/process/task_queues:96:5)
                    at createSampleData (/home/runner/work/woocommerce/woocommerce/packages/js/api-core-tests/data/orders.js:17:26)
                    at Object.&lt;anonymous> (/home/runner/work/woocommerce/woocommerce/packages/js/api-core-tests/tests/orders/orders.test.js:49:16)</stack-trace>
            </failure>
        </test-case>
    </test-cases>
</ns2:test-suite>