<?xml version='1.0'?>
<ns2:test-suite xmlns:ns2='urn:model.allure.qatools.yandex.ru' start='1661314808469' stop='1661314864435'>
    <name>Orders API tests</name>
    <title>Orders API tests</title>
    <test-cases>
        <test-case start='1661314841556' status='failed' stop='1661314843600'>
            <name>can create an order</name>
            <title>can create an order</title>
            <labels/>
            <parameters/>
            <steps/>
            <attachments/>
            <failure>
                <message>TypeError: logoProducts.map is not a function</message>
                <stack-trace>TypeError: logoProducts.map is not a function
                    at createSampleGroupedProduct (/home/runner/work/woocommerce/woocommerce/packages/js/api-core-tests/data/product-list.js:1133:35)
                    at processTicksAndRejections (node:internal/process/task_queues:96:5)
                    at Object.createSampleData (/home/runner/work/woocommerce/woocommerce/packages/js/api-core-tests/data/product-list.js:1645:26)
                    at createSampleData (/home/runner/work/woocommerce/woocommerce/packages/js/api-core-tests/data/orders.js:17:26)
                    at Object.&lt;anonymous> (/home/runner/work/woocommerce/woocommerce/packages/js/api-core-tests/tests/orders/orders.test.js:49:16)</stack-trace>
            </failure>
        </test-case>
        <test-case start='1661314843600' status='failed' stop='1661314845463'>
            <name>can retrieve an order</name>
            <title>can retrieve an order</title>
            <labels/>
            <parameters/>
            <steps/>
            <attachments/>
            <failure>
                <message>TypeError: logoProducts.map is not a function</message>
                <stack-trace>TypeError: logoProducts.map is not a function
                    at createSampleGroupedProduct (/home/runner/work/woocommerce/woocommerce/packages/js/api-core-tests/data/product-list.js:1133:35)
                    at processTicksAndRejections (node:internal/process/task_queues:96:5)
                    at Object.createSampleData (/home/runner/work/woocommerce/woocommerce/packages/js/api-core-tests/data/product-list.js:1645:26)
                    at createSampleData (/home/runner/work/woocommerce/woocommerce/packages/js/api-core-tests/data/orders.js:17:26)
                    at Object.&lt;anonymous> (/home/runner/work/woocommerce/woocommerce/packages/js/api-core-tests/tests/orders/orders.test.js:49:16)</stack-trace>
            </failure>
        </test-case>
        <test-case start='1661314845463' status='failed' stop='1661314847125'>
            <name>can add shipping and billing contacts to an order</name>
            <title>can add shipping and billing contacts to an order</title>
            <labels/>
            <parameters/>
            <steps/>
            <attachments/>
            <failure>
                <message>TypeError: logoProducts.map is not a function</message>
                <stack-trace>TypeError: logoProducts.map is not a function
                    at createSampleGroupedProduct (/home/runner/work/woocommerce/woocommerce/packages/js/api-core-tests/data/product-list.js:1133:35)
                    at processTicksAndRejections (node:internal/process/task_queues:96:5)
                    at Object.createSampleData (/home/runner/work/woocommerce/woocommerce/packages/js/api-core-tests/data/product-list.js:1645:26)
                    at createSampleData (/home/runner/work/woocommerce/woocommerce/packages/js/api-core-tests/data/orders.js:17:26)
                    at Object.&lt;anonymous> (/home/runner/work/woocommerce/woocommerce/packages/js/api-core-tests/tests/orders/orders.test.js:49:16)</stack-trace>
            </failure>
        </test-case>
        <test-case start='1661314847125' status='failed' stop='1661314848575'>
            <name>can permanently delete an order</name>
            <title>can permanently delete an order</title>
            <labels/>
            <parameters/>
            <steps/>
            <attachments/>
            <failure>
                <message>TypeError: logoProducts.map is not a function</message>
                <stack-trace>TypeError: logoProducts.map is not a function
                    at createSampleGroupedProduct (/home/runner/work/woocommerce/woocommerce/packages/js/api-core-tests/data/product-list.js:1133:35)
                    at processTicksAndRejections (node:internal/process/task_queues:96:5)
                    at Object.createSampleData (/home/runner/work/woocommerce/woocommerce/packages/js/api-core-tests/data/product-list.js:1645:26)
                    at createSampleData (/home/runner/work/woocommerce/woocommerce/packages/js/api-core-tests/data/orders.js:17:26)
                    at Object.&lt;anonymous> (/home/runner/work/woocommerce/woocommerce/packages/js/api-core-tests/tests/orders/orders.test.js:49:16)</stack-trace>
            </failure>
        </test-case>
    </test-cases>
</ns2:test-suite>