<?xml version='1.0'?>
<ns2:test-suite xmlns:ns2='urn:model.allure.qatools.yandex.ru' start='1655701396557' stop='1655701446645'>
    <name>Orders API tests List all orders</name>
    <title>Orders API tests List all orders</title>
    <test-cases>
        <test-case start='1655701396557' status='failed' stop='1655701405499'>
            <name>pagination</name>
            <title>pagination</title>
            <labels/>
            <parameters/>
            <steps/>
            <attachments/>
            <failure>
                <message>Error: Timeout - Async callback was not invoked within the 100000ms timeout specified by jest.setTimeout.</message>
                <stack-trace>Timeout - Async callback was not invoked within the 100000ms timeout specified by jest.setTimeout.Error: Timeout - Async callback was not invoked within the 100000ms timeout specified by jest.setTimeout.
                    at mapper (/home/runner/work/woocommerce/woocommerce/node_modules/.pnpm/jest-jasmine2@25.5.4/node_modules/jest-jasmine2/build/queueRunner.js:27:45)
                    at /home/runner/work/woocommerce/woocommerce/node_modules/.pnpm/jest-jasmine2@25.5.4/node_modules/jest-jasmine2/build/queueRunner.js:75:41</stack-trace>
            </failure>
        </test-case>
        <test-case start='1655701405499' status='failed' stop='1655701411373'>
            <name>inclusion / exclusion</name>
            <title>inclusion / exclusion</title>
            <labels/>
            <parameters/>
            <steps/>
            <attachments/>
            <failure>
                <message>Error: Timeout - Async callback was not invoked within the 100000ms timeout specified by jest.setTimeout.</message>
                <stack-trace>Timeout - Async callback was not invoked within the 100000ms timeout specified by jest.setTimeout.Error: Timeout - Async callback was not invoked within the 100000ms timeout specified by jest.setTimeout.
                    at mapper (/home/runner/work/woocommerce/woocommerce/node_modules/.pnpm/jest-jasmine2@25.5.4/node_modules/jest-jasmine2/build/queueRunner.js:27:45)
                    at /home/runner/work/woocommerce/woocommerce/node_modules/.pnpm/jest-jasmine2@25.5.4/node_modules/jest-jasmine2/build/queueRunner.js:75:41</stack-trace>
            </failure>
        </test-case>
        <test-case start='1655701411373' status='failed' stop='1655701414979'>
            <name>parent</name>
            <title>parent</title>
            <labels/>
            <parameters/>
            <steps/>
            <attachments/>
            <failure>
                <message>Error: Timeout - Async callback was not invoked within the 100000ms timeout specified by jest.setTimeout.</message>
                <stack-trace>Timeout - Async callback was not invoked within the 100000ms timeout specified by jest.setTimeout.Error: Timeout - Async callback was not invoked within the 100000ms timeout specified by jest.setTimeout.
                    at mapper (/home/runner/work/woocommerce/woocommerce/node_modules/.pnpm/jest-jasmine2@25.5.4/node_modules/jest-jasmine2/build/queueRunner.js:27:45)
                    at /home/runner/work/woocommerce/woocommerce/node_modules/.pnpm/jest-jasmine2@25.5.4/node_modules/jest-jasmine2/build/queueRunner.js:75:41</stack-trace>
            </failure>
        </test-case>
        <test-case start='1655701414980' status='failed' stop='1655701417668'>
            <name>status</name>
            <title>status</title>
            <labels/>
            <parameters/>
            <steps/>
            <attachments/>
            <failure>
                <message>Error: Timeout - Async callback was not invoked within the 100000ms timeout specified by jest.setTimeout.</message>
                <stack-trace>Timeout - Async callback was not invoked within the 100000ms timeout specified by jest.setTimeout.Error: Timeout - Async callback was not invoked within the 100000ms timeout specified by jest.setTimeout.
                    at mapper (/home/runner/work/woocommerce/woocommerce/node_modules/.pnpm/jest-jasmine2@25.5.4/node_modules/jest-jasmine2/build/queueRunner.js:27:45)
                    at /home/runner/work/woocommerce/woocommerce/node_modules/.pnpm/jest-jasmine2@25.5.4/node_modules/jest-jasmine2/build/queueRunner.js:75:41</stack-trace>
            </failure>
        </test-case>
        <test-case start='1655701417668' status='failed' stop='1655701419384'>
            <name>customer</name>
            <title>customer</title>
            <labels/>
            <parameters/>
            <steps/>
            <attachments/>
            <failure>
                <message>Error: Timeout - Async callback was not invoked within the 100000ms timeout specified by jest.setTimeout.</message>
                <stack-trace>Timeout - Async callback was not invoked within the 100000ms timeout specified by jest.setTimeout.Error: Timeout - Async callback was not invoked within the 100000ms timeout specified by jest.setTimeout.
                    at mapper (/home/runner/work/woocommerce/woocommerce/node_modules/.pnpm/jest-jasmine2@25.5.4/node_modules/jest-jasmine2/build/queueRunner.js:27:45)
                    at /home/runner/work/woocommerce/woocommerce/node_modules/.pnpm/jest-jasmine2@25.5.4/node_modules/jest-jasmine2/build/queueRunner.js:75:41</stack-trace>
            </failure>
        </test-case>
        <test-case start='1655701419384' status='failed' stop='1655701421171'>
            <name>product</name>
            <title>product</title>
            <labels/>
            <parameters/>
            <steps/>
            <attachments/>
            <failure>
                <message>Error: Timeout - Async callback was not invoked within the 100000ms timeout specified by jest.setTimeout.</message>
                <stack-trace>Timeout - Async callback was not invoked within the 100000ms timeout specified by jest.setTimeout.Error: Timeout - Async callback was not invoked within the 100000ms timeout specified by jest.setTimeout.
                    at mapper (/home/runner/work/woocommerce/woocommerce/node_modules/.pnpm/jest-jasmine2@25.5.4/node_modules/jest-jasmine2/build/queueRunner.js:27:45)
                    at /home/runner/work/woocommerce/woocommerce/node_modules/.pnpm/jest-jasmine2@25.5.4/node_modules/jest-jasmine2/build/queueRunner.js:75:41</stack-trace>
            </failure>
        </test-case>
        <test-case start='1655701421171' status='failed' stop='1655701426064'>
            <name>dp (precision)</name>
            <title>dp (precision)</title>
            <labels/>
            <parameters/>
            <steps/>
            <attachments/>
            <failure>
                <message>Error: Timeout - Async callback was not invoked within the 100000ms timeout specified by jest.setTimeout.</message>
                <stack-trace>Timeout - Async callback was not invoked within the 100000ms timeout specified by jest.setTimeout.Error: Timeout - Async callback was not invoked within the 100000ms timeout specified by jest.setTimeout.
                    at mapper (/home/runner/work/woocommerce/woocommerce/node_modules/.pnpm/jest-jasmine2@25.5.4/node_modules/jest-jasmine2/build/queueRunner.js:27:45)
                    at /home/runner/work/woocommerce/woocommerce/node_modules/.pnpm/jest-jasmine2@25.5.4/node_modules/jest-jasmine2/build/queueRunner.js:75:41</stack-trace>
            </failure>
        </test-case>
        <test-case start='1655701426064' status='failed' stop='1655701435265'>
            <name>search</name>
            <title>search</title>
            <labels/>
            <parameters/>
            <steps/>
            <attachments/>
            <failure>
                <message>Error: Timeout - Async callback was not invoked within the 100000ms timeout specified by jest.setTimeout.</message>
                <stack-trace>Timeout - Async callback was not invoked within the 100000ms timeout specified by jest.setTimeout.Error: Timeout - Async callback was not invoked within the 100000ms timeout specified by jest.setTimeout.
                    at mapper (/home/runner/work/woocommerce/woocommerce/node_modules/.pnpm/jest-jasmine2@25.5.4/node_modules/jest-jasmine2/build/queueRunner.js:27:45)
                    at /home/runner/work/woocommerce/woocommerce/node_modules/.pnpm/jest-jasmine2@25.5.4/node_modules/jest-jasmine2/build/queueRunner.js:75:41</stack-trace>
            </failure>
        </test-case>
    </test-cases>
</ns2:test-suite>