<?xml version='1.0'?>
<ns2:test-suite xmlns:ns2='urn:model.allure.qatools.yandex.ru' start='1664598033874' stop='1664598113616'>
    <name>Products API tests: List All Products List all products</name>
    <title>Products API tests: List All Products List all products</title>
    <test-cases>
        <test-case start='1664598033875' status='failed' stop='1664598036788'>
            <name>defaults</name>
            <title>defaults</title>
            <labels/>
            <parameters/>
            <steps/>
            <attachments/>
            <failure>
                <message>Error: Timeout - Async callback was not invoked within the 20000 ms timeout specified by jest.setTimeout.</message>
                <stack-trace>Timeout - Async callback was not invoked within the 20000 ms timeout specified by jest.setTimeout.Error: Timeout - Async callback was not invoked within the 20000 ms timeout specified by jest.setTimeout.
                    at mapper (/home/runner/work/woocommerce/woocommerce/node_modules/.pnpm/jest-jasmine2@27.5.1/node_modules/jest-jasmine2/build/queueRunner.js:71:45)
                    at /home/runner/work/woocommerce/woocommerce/node_modules/.pnpm/jest-jasmine2@27.5.1/node_modules/jest-jasmine2/build/queueRunner.js:119:41</stack-trace>
            </failure>
        </test-case>
        <test-case start='1664598036788' status='failed' stop='1664598042193'>
            <name>pagination</name>
            <title>pagination</title>
            <labels/>
            <parameters/>
            <steps/>
            <attachments/>
            <failure>
                <message>Error: Timeout - Async callback was not invoked within the 20000 ms timeout specified by jest.setTimeout.</message>
                <stack-trace>Timeout - Async callback was not invoked within the 20000 ms timeout specified by jest.setTimeout.Error: Timeout - Async callback was not invoked within the 20000 ms timeout specified by jest.setTimeout.
                    at mapper (/home/runner/work/woocommerce/woocommerce/node_modules/.pnpm/jest-jasmine2@27.5.1/node_modules/jest-jasmine2/build/queueRunner.js:71:45)
                    at /home/runner/work/woocommerce/woocommerce/node_modules/.pnpm/jest-jasmine2@27.5.1/node_modules/jest-jasmine2/build/queueRunner.js:119:41</stack-trace>
            </failure>
        </test-case>
        <test-case start='1664598042193' status='failed' stop='1664598044244'>
            <name>search</name>
            <title>search</title>
            <labels/>
            <parameters/>
            <steps/>
            <attachments/>
            <failure>
                <message>Error: Timeout - Async callback was not invoked within the 20000 ms timeout specified by jest.setTimeout.</message>
                <stack-trace>Timeout - Async callback was not invoked within the 20000 ms timeout specified by jest.setTimeout.Error: Timeout - Async callback was not invoked within the 20000 ms timeout specified by jest.setTimeout.
                    at mapper (/home/runner/work/woocommerce/woocommerce/node_modules/.pnpm/jest-jasmine2@27.5.1/node_modules/jest-jasmine2/build/queueRunner.js:71:45)
                    at /home/runner/work/woocommerce/woocommerce/node_modules/.pnpm/jest-jasmine2@27.5.1/node_modules/jest-jasmine2/build/queueRunner.js:119:41</stack-trace>
            </failure>
        </test-case>
        <test-case start='1664598044244' status='failed' stop='1664598045960'>
            <name>inclusion / exclusion</name>
            <title>inclusion / exclusion</title>
            <labels/>
            <parameters/>
            <steps/>
            <attachments/>
            <failure>
                <message>Error: Timeout - Async callback was not invoked within the 20000 ms timeout specified by jest.setTimeout.</message>
                <stack-trace>Timeout - Async callback was not invoked within the 20000 ms timeout specified by jest.setTimeout.Error: Timeout - Async callback was not invoked within the 20000 ms timeout specified by jest.setTimeout.
                    at mapper (/home/runner/work/woocommerce/woocommerce/node_modules/.pnpm/jest-jasmine2@27.5.1/node_modules/jest-jasmine2/build/queueRunner.js:71:45)
                    at /home/runner/work/woocommerce/woocommerce/node_modules/.pnpm/jest-jasmine2@27.5.1/node_modules/jest-jasmine2/build/queueRunner.js:119:41</stack-trace>
            </failure>
        </test-case>
        <test-case start='1664598045960' status='failed' stop='1664598049464'>
            <name>slug</name>
            <title>slug</title>
            <labels/>
            <parameters/>
            <steps/>
            <attachments/>
            <failure>
                <message>Error: Timeout - Async callback was not invoked within the 20000 ms timeout specified by jest.setTimeout.</message>
                <stack-trace>Timeout - Async callback was not invoked within the 20000 ms timeout specified by jest.setTimeout.Error: Timeout - Async callback was not invoked within the 20000 ms timeout specified by jest.setTimeout.
                    at mapper (/home/runner/work/woocommerce/woocommerce/node_modules/.pnpm/jest-jasmine2@27.5.1/node_modules/jest-jasmine2/build/queueRunner.js:71:45)
                    at /home/runner/work/woocommerce/woocommerce/node_modules/.pnpm/jest-jasmine2@27.5.1/node_modules/jest-jasmine2/build/queueRunner.js:119:41</stack-trace>
            </failure>
        </test-case>
        <test-case start='1664598049465' status='failed' stop='1664598053123'>
            <name>sku</name>
            <title>sku</title>
            <labels/>
            <parameters/>
            <steps/>
            <attachments/>
            <failure>
                <message>Error: Timeout - Async callback was not invoked within the 20000 ms timeout specified by jest.setTimeout.</message>
                <stack-trace>Timeout - Async callback was not invoked within the 20000 ms timeout specified by jest.setTimeout.Error: Timeout - Async callback was not invoked within the 20000 ms timeout specified by jest.setTimeout.
                    at mapper (/home/runner/work/woocommerce/woocommerce/node_modules/.pnpm/jest-jasmine2@27.5.1/node_modules/jest-jasmine2/build/queueRunner.js:71:45)
                    at /home/runner/work/woocommerce/woocommerce/node_modules/.pnpm/jest-jasmine2@27.5.1/node_modules/jest-jasmine2/build/queueRunner.js:119:41</stack-trace>
            </failure>
        </test-case>
        <test-case start='1664598053123' status='failed' stop='1664598056374'>
            <name>type</name>
            <title>type</title>
            <labels/>
            <parameters/>
            <steps/>
            <attachments/>
            <failure>
                <message>Error: Timeout - Async callback was not invoked within the 20000 ms timeout specified by jest.setTimeout.</message>
                <stack-trace>Timeout - Async callback was not invoked within the 20000 ms timeout specified by jest.setTimeout.Error: Timeout - Async callback was not invoked within the 20000 ms timeout specified by jest.setTimeout.
                    at mapper (/home/runner/work/woocommerce/woocommerce/node_modules/.pnpm/jest-jasmine2@27.5.1/node_modules/jest-jasmine2/build/queueRunner.js:71:45)
                    at /home/runner/work/woocommerce/woocommerce/node_modules/.pnpm/jest-jasmine2@27.5.1/node_modules/jest-jasmine2/build/queueRunner.js:119:41</stack-trace>
            </failure>
        </test-case>
        <test-case start='1664598056374' status='failed' stop='1664598058196'>
            <name>featured</name>
            <title>featured</title>
            <labels/>
            <parameters/>
            <steps/>
            <attachments/>
            <failure>
                <message>Error: Timeout - Async callback was not invoked within the 20000 ms timeout specified by jest.setTimeout.</message>
                <stack-trace>Timeout - Async callback was not invoked within the 20000 ms timeout specified by jest.setTimeout.Error: Timeout - Async callback was not invoked within the 20000 ms timeout specified by jest.setTimeout.
                    at mapper (/home/runner/work/woocommerce/woocommerce/node_modules/.pnpm/jest-jasmine2@27.5.1/node_modules/jest-jasmine2/build/queueRunner.js:71:45)
                    at /home/runner/work/woocommerce/woocommerce/node_modules/.pnpm/jest-jasmine2@27.5.1/node_modules/jest-jasmine2/build/queueRunner.js:119:41</stack-trace>
            </failure>
        </test-case>
        <test-case start='1664598058197' status='failed' stop='1664598058198'>
            <name>categories</name>
            <title>categories</title>
            <labels/>
            <parameters/>
            <steps/>
            <attachments/>
            <failure>
                <message>Error: Timeout - Async callback was not invoked within the 20000 ms timeout specified by jest.setTimeout.</message>
                <stack-trace>Timeout - Async callback was not invoked within the 20000 ms timeout specified by jest.setTimeout.Error: Timeout - Async callback was not invoked within the 20000 ms timeout specified by jest.setTimeout.
                    at mapper (/home/runner/work/woocommerce/woocommerce/node_modules/.pnpm/jest-jasmine2@27.5.1/node_modules/jest-jasmine2/build/queueRunner.js:71:45)
                    at /home/runner/work/woocommerce/woocommerce/node_modules/.pnpm/jest-jasmine2@27.5.1/node_modules/jest-jasmine2/build/queueRunner.js:119:41</stack-trace>
            </failure>
        </test-case>
        <test-case start='1664598058198' status='failed' stop='1664598061181'>
            <name>on sale</name>
            <title>on sale</title>
            <labels/>
            <parameters/>
            <steps/>
            <attachments/>
            <failure>
                <message>Error: Timeout - Async callback was not invoked within the 20000 ms timeout specified by jest.setTimeout.</message>
                <stack-trace>Timeout - Async callback was not invoked within the 20000 ms timeout specified by jest.setTimeout.Error: Timeout - Async callback was not invoked within the 20000 ms timeout specified by jest.setTimeout.
                    at mapper (/home/runner/work/woocommerce/woocommerce/node_modules/.pnpm/jest-jasmine2@27.5.1/node_modules/jest-jasmine2/build/queueRunner.js:71:45)
                    at /home/runner/work/woocommerce/woocommerce/node_modules/.pnpm/jest-jasmine2@27.5.1/node_modules/jest-jasmine2/build/queueRunner.js:119:41</stack-trace>
            </failure>
        </test-case>
        <test-case start='1664598061181' status='failed' stop='1664598067568'>
            <name>price</name>
            <title>price</title>
            <labels/>
            <parameters/>
            <steps/>
            <attachments/>
            <failure>
                <message>Error: Timeout - Async callback was not invoked within the 20000 ms timeout specified by jest.setTimeout.</message>
                <stack-trace>Timeout - Async callback was not invoked within the 20000 ms timeout specified by jest.setTimeout.Error: Timeout - Async callback was not invoked within the 20000 ms timeout specified by jest.setTimeout.
                    at mapper (/home/runner/work/woocommerce/woocommerce/node_modules/.pnpm/jest-jasmine2@27.5.1/node_modules/jest-jasmine2/build/queueRunner.js:71:45)
                    at /home/runner/work/woocommerce/woocommerce/node_modules/.pnpm/jest-jasmine2@27.5.1/node_modules/jest-jasmine2/build/queueRunner.js:119:41</stack-trace>
            </failure>
        </test-case>
        <test-case start='1664598067568' status='failed' stop='1664598071133'>
            <name>before / after</name>
            <title>before / after</title>
            <labels/>
            <parameters/>
            <steps/>
            <attachments/>
            <failure>
                <message>Error: Timeout - Async callback was not invoked within the 20000 ms timeout specified by jest.setTimeout.</message>
                <stack-trace>Timeout - Async callback was not invoked within the 20000 ms timeout specified by jest.setTimeout.Error: Timeout - Async callback was not invoked within the 20000 ms timeout specified by jest.setTimeout.
                    at mapper (/home/runner/work/woocommerce/woocommerce/node_modules/.pnpm/jest-jasmine2@27.5.1/node_modules/jest-jasmine2/build/queueRunner.js:71:45)
                    at /home/runner/work/woocommerce/woocommerce/node_modules/.pnpm/jest-jasmine2@27.5.1/node_modules/jest-jasmine2/build/queueRunner.js:119:41</stack-trace>
            </failure>
        </test-case>
        <test-case start='1664598071133' status='failed' stop='1664598071134'>
            <name>attributes</name>
            <title>attributes</title>
            <labels/>
            <parameters/>
            <steps/>
            <attachments/>
            <failure>
                <message>Error: Timeout - Async callback was not invoked within the 20000 ms timeout specified by jest.setTimeout.</message>
                <stack-trace>Timeout - Async callback was not invoked within the 20000 ms timeout specified by jest.setTimeout.Error: Timeout - Async callback was not invoked within the 20000 ms timeout specified by jest.setTimeout.
                    at mapper (/home/runner/work/woocommerce/woocommerce/node_modules/.pnpm/jest-jasmine2@27.5.1/node_modules/jest-jasmine2/build/queueRunner.js:71:45)
                    at /home/runner/work/woocommerce/woocommerce/node_modules/.pnpm/jest-jasmine2@27.5.1/node_modules/jest-jasmine2/build/queueRunner.js:119:41</stack-trace>
            </failure>
        </test-case>
        <test-case start='1664598071134' status='failed' stop='1664598074337'>
            <name>status</name>
            <title>status</title>
            <labels/>
            <parameters/>
            <steps/>
            <attachments/>
            <failure>
                <message>Error: Timeout - Async callback was not invoked within the 20000 ms timeout specified by jest.setTimeout.</message>
                <stack-trace>Timeout - Async callback was not invoked within the 20000 ms timeout specified by jest.setTimeout.Error: Timeout - Async callback was not invoked within the 20000 ms timeout specified by jest.setTimeout.
                    at mapper (/home/runner/work/woocommerce/woocommerce/node_modules/.pnpm/jest-jasmine2@27.5.1/node_modules/jest-jasmine2/build/queueRunner.js:71:45)
                    at /home/runner/work/woocommerce/woocommerce/node_modules/.pnpm/jest-jasmine2@27.5.1/node_modules/jest-jasmine2/build/queueRunner.js:119:41</stack-trace>
            </failure>
        </test-case>
        <test-case start='1664598074337' status='failed' stop='1664598074339'>
            <name>shipping class</name>
            <title>shipping class</title>
            <labels/>
            <parameters/>
            <steps/>
            <attachments/>
            <failure>
                <message>Error: Timeout - Async callback was not invoked within the 20000 ms timeout specified by jest.setTimeout.</message>
                <stack-trace>Timeout - Async callback was not invoked within the 20000 ms timeout specified by jest.setTimeout.Error: Timeout - Async callback was not invoked within the 20000 ms timeout specified by jest.setTimeout.
                    at mapper (/home/runner/work/woocommerce/woocommerce/node_modules/.pnpm/jest-jasmine2@27.5.1/node_modules/jest-jasmine2/build/queueRunner.js:71:45)
                    at /home/runner/work/woocommerce/woocommerce/node_modules/.pnpm/jest-jasmine2@27.5.1/node_modules/jest-jasmine2/build/queueRunner.js:119:41</stack-trace>
            </failure>
        </test-case>
        <test-case start='1664598074339' status='failed' stop='1664598075993'>
            <name>tax class</name>
            <title>tax class</title>
            <labels/>
            <parameters/>
            <steps/>
            <attachments/>
            <failure>
                <message>Error: Timeout - Async callback was not invoked within the 20000 ms timeout specified by jest.setTimeout.</message>
                <stack-trace>Timeout - Async callback was not invoked within the 20000 ms timeout specified by jest.setTimeout.Error: Timeout - Async callback was not invoked within the 20000 ms timeout specified by jest.setTimeout.
                    at mapper (/home/runner/work/woocommerce/woocommerce/node_modules/.pnpm/jest-jasmine2@27.5.1/node_modules/jest-jasmine2/build/queueRunner.js:71:45)
                    at /home/runner/work/woocommerce/woocommerce/node_modules/.pnpm/jest-jasmine2@27.5.1/node_modules/jest-jasmine2/build/queueRunner.js:119:41</stack-trace>
            </failure>
        </test-case>
        <test-case start='1664598075993' status='failed' stop='1664598077927'>
            <name>stock status</name>
            <title>stock status</title>
            <labels/>
            <parameters/>
            <steps/>
            <attachments/>
            <failure>
                <message>Error: Timeout - Async callback was not invoked within the 20000 ms timeout specified by jest.setTimeout.</message>
                <stack-trace>Timeout - Async callback was not invoked within the 20000 ms timeout specified by jest.setTimeout.Error: Timeout - Async callback was not invoked within the 20000 ms timeout specified by jest.setTimeout.
                    at mapper (/home/runner/work/woocommerce/woocommerce/node_modules/.pnpm/jest-jasmine2@27.5.1/node_modules/jest-jasmine2/build/queueRunner.js:71:45)
                    at /home/runner/work/woocommerce/woocommerce/node_modules/.pnpm/jest-jasmine2@27.5.1/node_modules/jest-jasmine2/build/queueRunner.js:119:41</stack-trace>
            </failure>
        </test-case>
        <test-case start='1664598077927' status='failed' stop='1664598077928'>
            <name>tags</name>
            <title>tags</title>
            <labels/>
            <parameters/>
            <steps/>
            <attachments/>
            <failure>
                <message>Error: Timeout - Async callback was not invoked within the 20000 ms timeout specified by jest.setTimeout.</message>
                <stack-trace>Timeout - Async callback was not invoked within the 20000 ms timeout specified by jest.setTimeout.Error: Timeout - Async callback was not invoked within the 20000 ms timeout specified by jest.setTimeout.
                    at mapper (/home/runner/work/woocommerce/woocommerce/node_modules/.pnpm/jest-jasmine2@27.5.1/node_modules/jest-jasmine2/build/queueRunner.js:71:45)
                    at /home/runner/work/woocommerce/woocommerce/node_modules/.pnpm/jest-jasmine2@27.5.1/node_modules/jest-jasmine2/build/queueRunner.js:119:41</stack-trace>
            </failure>
        </test-case>
        <test-case start='1664598077928' status='failed' stop='1664598077929'>
            <name>parent</name>
            <title>parent</title>
            <labels/>
            <parameters/>
            <steps/>
            <attachments/>
            <failure>
                <message>Error: Timeout - Async callback was not invoked within the 20000 ms timeout specified by jest.setTimeout.</message>
                <stack-trace>Timeout - Async callback was not invoked within the 20000 ms timeout specified by jest.setTimeout.Error: Timeout - Async callback was not invoked within the 20000 ms timeout specified by jest.setTimeout.
                    at mapper (/home/runner/work/woocommerce/woocommerce/node_modules/.pnpm/jest-jasmine2@27.5.1/node_modules/jest-jasmine2/build/queueRunner.js:71:45)
                    at /home/runner/work/woocommerce/woocommerce/node_modules/.pnpm/jest-jasmine2@27.5.1/node_modules/jest-jasmine2/build/queueRunner.js:119:41</stack-trace>
            </failure>
        </test-case>
    </test-cases>
</ns2:test-suite>