<?xml version='1.0'?>
<ns2:test-suite xmlns:ns2='urn:model.allure.qatools.yandex.ru' start='1664251924894' stop='1664251984952'>
    <name>Products API tests: List All Products List all products</name>
    <title>Products API tests: List All Products List all products</title>
    <test-cases>
        <test-case start='1664251924895' status='failed' stop='1664251927344'>
            <name>defaults</name>
            <title>defaults</title>
            <labels/>
            <parameters/>
            <steps/>
            <attachments/>
            <failure>
                <message>Error: Timeout - Async callback was not invoked within the 20000 ms timeout specified by jest.setTimeout.</message>
                <stack-trace>Timeout - Async callback was not invoked within the 20000 ms timeout specified by jest.setTimeout.Error: Timeout - Async callback was not invoked within the 20000 ms timeout specified by jest.setTimeout.
                    at mapper (/home/runner/work/woocommerce/woocommerce/node_modules/.pnpm/jest-jasmine2@27.5.1/node_modules/jest-jasmine2/build/queueRunner.js:71:45)
                    at /home/runner/work/woocommerce/woocommerce/node_modules/.pnpm/jest-jasmine2@27.5.1/node_modules/jest-jasmine2/build/queueRunner.js:119:41</stack-trace>
            </failure>
        </test-case>
        <test-case start='1664251927344' status='failed' stop='1664251931556'>
            <name>pagination</name>
            <title>pagination</title>
            <labels/>
            <parameters/>
            <steps/>
            <attachments/>
            <failure>
                <message>Error: Timeout - Async callback was not invoked within the 20000 ms timeout specified by jest.setTimeout.</message>
                <stack-trace>Timeout - Async callback was not invoked within the 20000 ms timeout specified by jest.setTimeout.Error: Timeout - Async callback was not invoked within the 20000 ms timeout specified by jest.setTimeout.
                    at mapper (/home/runner/work/woocommerce/woocommerce/node_modules/.pnpm/jest-jasmine2@27.5.1/node_modules/jest-jasmine2/build/queueRunner.js:71:45)
                    at /home/runner/work/woocommerce/woocommerce/node_modules/.pnpm/jest-jasmine2@27.5.1/node_modules/jest-jasmine2/build/queueRunner.js:119:41</stack-trace>
            </failure>
        </test-case>
        <test-case start='1664251931557' status='failed' stop='1664251933005'>
            <name>search</name>
            <title>search</title>
            <labels/>
            <parameters/>
            <steps/>
            <attachments/>
            <failure>
                <message>Error: Timeout - Async callback was not invoked within the 20000 ms timeout specified by jest.setTimeout.</message>
                <stack-trace>Timeout - Async callback was not invoked within the 20000 ms timeout specified by jest.setTimeout.Error: Timeout - Async callback was not invoked within the 20000 ms timeout specified by jest.setTimeout.
                    at mapper (/home/runner/work/woocommerce/woocommerce/node_modules/.pnpm/jest-jasmine2@27.5.1/node_modules/jest-jasmine2/build/queueRunner.js:71:45)
                    at /home/runner/work/woocommerce/woocommerce/node_modules/.pnpm/jest-jasmine2@27.5.1/node_modules/jest-jasmine2/build/queueRunner.js:119:41</stack-trace>
            </failure>
        </test-case>
        <test-case start='1664251933005' status='failed' stop='1664251934329'>
            <name>inclusion / exclusion</name>
            <title>inclusion / exclusion</title>
            <labels/>
            <parameters/>
            <steps/>
            <attachments/>
            <failure>
                <message>Error: Timeout - Async callback was not invoked within the 20000 ms timeout specified by jest.setTimeout.</message>
                <stack-trace>Timeout - Async callback was not invoked within the 20000 ms timeout specified by jest.setTimeout.Error: Timeout - Async callback was not invoked within the 20000 ms timeout specified by jest.setTimeout.
                    at mapper (/home/runner/work/woocommerce/woocommerce/node_modules/.pnpm/jest-jasmine2@27.5.1/node_modules/jest-jasmine2/build/queueRunner.js:71:45)
                    at /home/runner/work/woocommerce/woocommerce/node_modules/.pnpm/jest-jasmine2@27.5.1/node_modules/jest-jasmine2/build/queueRunner.js:119:41</stack-trace>
            </failure>
        </test-case>
        <test-case start='1664251934329' status='failed' stop='1664251937175'>
            <name>slug</name>
            <title>slug</title>
            <labels/>
            <parameters/>
            <steps/>
            <attachments/>
            <failure>
                <message>Error: Timeout - Async callback was not invoked within the 20000 ms timeout specified by jest.setTimeout.</message>
                <stack-trace>Timeout - Async callback was not invoked within the 20000 ms timeout specified by jest.setTimeout.Error: Timeout - Async callback was not invoked within the 20000 ms timeout specified by jest.setTimeout.
                    at mapper (/home/runner/work/woocommerce/woocommerce/node_modules/.pnpm/jest-jasmine2@27.5.1/node_modules/jest-jasmine2/build/queueRunner.js:71:45)
                    at /home/runner/work/woocommerce/woocommerce/node_modules/.pnpm/jest-jasmine2@27.5.1/node_modules/jest-jasmine2/build/queueRunner.js:119:41</stack-trace>
            </failure>
        </test-case>
        <test-case start='1664251937175' status='failed' stop='1664251939790'>
            <name>sku</name>
            <title>sku</title>
            <labels/>
            <parameters/>
            <steps/>
            <attachments/>
            <failure>
                <message>Error: Timeout - Async callback was not invoked within the 20000 ms timeout specified by jest.setTimeout.</message>
                <stack-trace>Timeout - Async callback was not invoked within the 20000 ms timeout specified by jest.setTimeout.Error: Timeout - Async callback was not invoked within the 20000 ms timeout specified by jest.setTimeout.
                    at mapper (/home/runner/work/woocommerce/woocommerce/node_modules/.pnpm/jest-jasmine2@27.5.1/node_modules/jest-jasmine2/build/queueRunner.js:71:45)
                    at /home/runner/work/woocommerce/woocommerce/node_modules/.pnpm/jest-jasmine2@27.5.1/node_modules/jest-jasmine2/build/queueRunner.js:119:41</stack-trace>
            </failure>
        </test-case>
        <test-case start='1664251939790' status='failed' stop='1664251941319'>
            <name>type</name>
            <title>type</title>
            <labels/>
            <parameters/>
            <steps/>
            <attachments/>
            <failure>
                <message>Error: Timeout - Async callback was not invoked within the 20000 ms timeout specified by jest.setTimeout.</message>
                <stack-trace>Timeout - Async callback was not invoked within the 20000 ms timeout specified by jest.setTimeout.Error: Timeout - Async callback was not invoked within the 20000 ms timeout specified by jest.setTimeout.
                    at mapper (/home/runner/work/woocommerce/woocommerce/node_modules/.pnpm/jest-jasmine2@27.5.1/node_modules/jest-jasmine2/build/queueRunner.js:71:45)
                    at /home/runner/work/woocommerce/woocommerce/node_modules/.pnpm/jest-jasmine2@27.5.1/node_modules/jest-jasmine2/build/queueRunner.js:119:41</stack-trace>
            </failure>
        </test-case>
        <test-case start='1664251941319' status='failed' stop='1664251943064'>
            <name>featured</name>
            <title>featured</title>
            <labels/>
            <parameters/>
            <steps/>
            <attachments/>
            <failure>
                <message>Error: Timeout - Async callback was not invoked within the 20000 ms timeout specified by jest.setTimeout.</message>
                <stack-trace>Timeout - Async callback was not invoked within the 20000 ms timeout specified by jest.setTimeout.Error: Timeout - Async callback was not invoked within the 20000 ms timeout specified by jest.setTimeout.
                    at mapper (/home/runner/work/woocommerce/woocommerce/node_modules/.pnpm/jest-jasmine2@27.5.1/node_modules/jest-jasmine2/build/queueRunner.js:71:45)
                    at /home/runner/work/woocommerce/woocommerce/node_modules/.pnpm/jest-jasmine2@27.5.1/node_modules/jest-jasmine2/build/queueRunner.js:119:41</stack-trace>
            </failure>
        </test-case>
        <test-case start='1664251943064' status='failed' stop='1664251943065'>
            <name>categories</name>
            <title>categories</title>
            <labels/>
            <parameters/>
            <steps/>
            <attachments/>
            <failure>
                <message>Error: Timeout - Async callback was not invoked within the 20000 ms timeout specified by jest.setTimeout.</message>
                <stack-trace>Timeout - Async callback was not invoked within the 20000 ms timeout specified by jest.setTimeout.Error: Timeout - Async callback was not invoked within the 20000 ms timeout specified by jest.setTimeout.
                    at mapper (/home/runner/work/woocommerce/woocommerce/node_modules/.pnpm/jest-jasmine2@27.5.1/node_modules/jest-jasmine2/build/queueRunner.js:71:45)
                    at /home/runner/work/woocommerce/woocommerce/node_modules/.pnpm/jest-jasmine2@27.5.1/node_modules/jest-jasmine2/build/queueRunner.js:119:41</stack-trace>
            </failure>
        </test-case>
        <test-case start='1664251943065' status='failed' stop='1664251945228'>
            <name>on sale</name>
            <title>on sale</title>
            <labels/>
            <parameters/>
            <steps/>
            <attachments/>
            <failure>
                <message>Error: Timeout - Async callback was not invoked within the 20000 ms timeout specified by jest.setTimeout.</message>
                <stack-trace>Timeout - Async callback was not invoked within the 20000 ms timeout specified by jest.setTimeout.Error: Timeout - Async callback was not invoked within the 20000 ms timeout specified by jest.setTimeout.
                    at mapper (/home/runner/work/woocommerce/woocommerce/node_modules/.pnpm/jest-jasmine2@27.5.1/node_modules/jest-jasmine2/build/queueRunner.js:71:45)
                    at /home/runner/work/woocommerce/woocommerce/node_modules/.pnpm/jest-jasmine2@27.5.1/node_modules/jest-jasmine2/build/queueRunner.js:119:41</stack-trace>
            </failure>
        </test-case>
        <test-case start='1664251945229' status='failed' stop='1664251950110'>
            <name>price</name>
            <title>price</title>
            <labels/>
            <parameters/>
            <steps/>
            <attachments/>
            <failure>
                <message>Error: Timeout - Async callback was not invoked within the 20000 ms timeout specified by jest.setTimeout.</message>
                <stack-trace>Timeout - Async callback was not invoked within the 20000 ms timeout specified by jest.setTimeout.Error: Timeout - Async callback was not invoked within the 20000 ms timeout specified by jest.setTimeout.
                    at mapper (/home/runner/work/woocommerce/woocommerce/node_modules/.pnpm/jest-jasmine2@27.5.1/node_modules/jest-jasmine2/build/queueRunner.js:71:45)
                    at /home/runner/work/woocommerce/woocommerce/node_modules/.pnpm/jest-jasmine2@27.5.1/node_modules/jest-jasmine2/build/queueRunner.js:119:41</stack-trace>
            </failure>
        </test-case>
        <test-case start='1664251950110' status='failed' stop='1664251952926'>
            <name>before / after</name>
            <title>before / after</title>
            <labels/>
            <parameters/>
            <steps/>
            <attachments/>
            <failure>
                <message>Error: Timeout - Async callback was not invoked within the 20000 ms timeout specified by jest.setTimeout.</message>
                <stack-trace>Timeout - Async callback was not invoked within the 20000 ms timeout specified by jest.setTimeout.Error: Timeout - Async callback was not invoked within the 20000 ms timeout specified by jest.setTimeout.
                    at mapper (/home/runner/work/woocommerce/woocommerce/node_modules/.pnpm/jest-jasmine2@27.5.1/node_modules/jest-jasmine2/build/queueRunner.js:71:45)
                    at /home/runner/work/woocommerce/woocommerce/node_modules/.pnpm/jest-jasmine2@27.5.1/node_modules/jest-jasmine2/build/queueRunner.js:119:41</stack-trace>
            </failure>
        </test-case>
        <test-case start='1664251952926' status='failed' stop='1664251952927'>
            <name>attributes</name>
            <title>attributes</title>
            <labels/>
            <parameters/>
            <steps/>
            <attachments/>
            <failure>
                <message>Error: Timeout - Async callback was not invoked within the 20000 ms timeout specified by jest.setTimeout.</message>
                <stack-trace>Timeout - Async callback was not invoked within the 20000 ms timeout specified by jest.setTimeout.Error: Timeout - Async callback was not invoked within the 20000 ms timeout specified by jest.setTimeout.
                    at mapper (/home/runner/work/woocommerce/woocommerce/node_modules/.pnpm/jest-jasmine2@27.5.1/node_modules/jest-jasmine2/build/queueRunner.js:71:45)
                    at /home/runner/work/woocommerce/woocommerce/node_modules/.pnpm/jest-jasmine2@27.5.1/node_modules/jest-jasmine2/build/queueRunner.js:119:41</stack-trace>
            </failure>
        </test-case>
        <test-case start='1664251952927' status='failed' stop='1664251955945'>
            <name>status</name>
            <title>status</title>
            <labels/>
            <parameters/>
            <steps/>
            <attachments/>
            <failure>
                <message>Error: Timeout - Async callback was not invoked within the 20000 ms timeout specified by jest.setTimeout.</message>
                <stack-trace>Timeout - Async callback was not invoked within the 20000 ms timeout specified by jest.setTimeout.Error: Timeout - Async callback was not invoked within the 20000 ms timeout specified by jest.setTimeout.
                    at mapper (/home/runner/work/woocommerce/woocommerce/node_modules/.pnpm/jest-jasmine2@27.5.1/node_modules/jest-jasmine2/build/queueRunner.js:71:45)
                    at /home/runner/work/woocommerce/woocommerce/node_modules/.pnpm/jest-jasmine2@27.5.1/node_modules/jest-jasmine2/build/queueRunner.js:119:41</stack-trace>
            </failure>
        </test-case>
        <test-case start='1664251955945' status='failed' stop='1664251955946'>
            <name>shipping class</name>
            <title>shipping class</title>
            <labels/>
            <parameters/>
            <steps/>
            <attachments/>
            <failure>
                <message>Error: Timeout - Async callback was not invoked within the 20000 ms timeout specified by jest.setTimeout.</message>
                <stack-trace>Timeout - Async callback was not invoked within the 20000 ms timeout specified by jest.setTimeout.Error: Timeout - Async callback was not invoked within the 20000 ms timeout specified by jest.setTimeout.
                    at mapper (/home/runner/work/woocommerce/woocommerce/node_modules/.pnpm/jest-jasmine2@27.5.1/node_modules/jest-jasmine2/build/queueRunner.js:71:45)
                    at /home/runner/work/woocommerce/woocommerce/node_modules/.pnpm/jest-jasmine2@27.5.1/node_modules/jest-jasmine2/build/queueRunner.js:119:41</stack-trace>
            </failure>
        </test-case>
        <test-case start='1664251955946' status='failed' stop='1664251957245'>
            <name>tax class</name>
            <title>tax class</title>
            <labels/>
            <parameters/>
            <steps/>
            <attachments/>
            <failure>
                <message>Error: Timeout - Async callback was not invoked within the 20000 ms timeout specified by jest.setTimeout.</message>
                <stack-trace>Timeout - Async callback was not invoked within the 20000 ms timeout specified by jest.setTimeout.Error: Timeout - Async callback was not invoked within the 20000 ms timeout specified by jest.setTimeout.
                    at mapper (/home/runner/work/woocommerce/woocommerce/node_modules/.pnpm/jest-jasmine2@27.5.1/node_modules/jest-jasmine2/build/queueRunner.js:71:45)
                    at /home/runner/work/woocommerce/woocommerce/node_modules/.pnpm/jest-jasmine2@27.5.1/node_modules/jest-jasmine2/build/queueRunner.js:119:41</stack-trace>
            </failure>
        </test-case>
        <test-case start='1664251957245' status='failed' stop='1664251958553'>
            <name>stock status</name>
            <title>stock status</title>
            <labels/>
            <parameters/>
            <steps/>
            <attachments/>
            <failure>
                <message>Error: Timeout - Async callback was not invoked within the 20000 ms timeout specified by jest.setTimeout.</message>
                <stack-trace>Timeout - Async callback was not invoked within the 20000 ms timeout specified by jest.setTimeout.Error: Timeout - Async callback was not invoked within the 20000 ms timeout specified by jest.setTimeout.
                    at mapper (/home/runner/work/woocommerce/woocommerce/node_modules/.pnpm/jest-jasmine2@27.5.1/node_modules/jest-jasmine2/build/queueRunner.js:71:45)
                    at /home/runner/work/woocommerce/woocommerce/node_modules/.pnpm/jest-jasmine2@27.5.1/node_modules/jest-jasmine2/build/queueRunner.js:119:41</stack-trace>
            </failure>
        </test-case>
        <test-case start='1664251958553' status='failed' stop='1664251958553'>
            <name>tags</name>
            <title>tags</title>
            <labels/>
            <parameters/>
            <steps/>
            <attachments/>
            <failure>
                <message>Error: Timeout - Async callback was not invoked within the 20000 ms timeout specified by jest.setTimeout.</message>
                <stack-trace>Timeout - Async callback was not invoked within the 20000 ms timeout specified by jest.setTimeout.Error: Timeout - Async callback was not invoked within the 20000 ms timeout specified by jest.setTimeout.
                    at mapper (/home/runner/work/woocommerce/woocommerce/node_modules/.pnpm/jest-jasmine2@27.5.1/node_modules/jest-jasmine2/build/queueRunner.js:71:45)
                    at /home/runner/work/woocommerce/woocommerce/node_modules/.pnpm/jest-jasmine2@27.5.1/node_modules/jest-jasmine2/build/queueRunner.js:119:41</stack-trace>
            </failure>
        </test-case>
        <test-case start='1664251958553' status='failed' stop='1664251958554'>
            <name>parent</name>
            <title>parent</title>
            <labels/>
            <parameters/>
            <steps/>
            <attachments/>
            <failure>
                <message>Error: Timeout - Async callback was not invoked within the 20000 ms timeout specified by jest.setTimeout.</message>
                <stack-trace>Timeout - Async callback was not invoked within the 20000 ms timeout specified by jest.setTimeout.Error: Timeout - Async callback was not invoked within the 20000 ms timeout specified by jest.setTimeout.
                    at mapper (/home/runner/work/woocommerce/woocommerce/node_modules/.pnpm/jest-jasmine2@27.5.1/node_modules/jest-jasmine2/build/queueRunner.js:71:45)
                    at /home/runner/work/woocommerce/woocommerce/node_modules/.pnpm/jest-jasmine2@27.5.1/node_modules/jest-jasmine2/build/queueRunner.js:119:41</stack-trace>
            </failure>
        </test-case>
    </test-cases>
</ns2:test-suite>