<?xml version='1.0'?>
<ns2:test-suite xmlns:ns2='urn:model.allure.qatools.yandex.ru' start='1663819934753' stop='1663819993259'>
    <name>Products API tests: List All Products List all products</name>
    <title>Products API tests: List All Products List all products</title>
    <test-cases>
        <test-case start='1663819934753' status='failed' stop='1663819936997'>
            <name>defaults</name>
            <title>defaults</title>
            <labels/>
            <parameters/>
            <steps/>
            <attachments/>
            <failure>
                <message>Error: Timeout - Async callback was not invoked within the 20000 ms timeout specified by jest.setTimeout.</message>
                <stack-trace>Timeout - Async callback was not invoked within the 20000 ms timeout specified by jest.setTimeout.Error: Timeout - Async callback was not invoked within the 20000 ms timeout specified by jest.setTimeout.
                    at mapper (/home/runner/work/woocommerce/woocommerce/node_modules/.pnpm/jest-jasmine2@27.5.1/node_modules/jest-jasmine2/build/queueRunner.js:71:45)
                    at /home/runner/work/woocommerce/woocommerce/node_modules/.pnpm/jest-jasmine2@27.5.1/node_modules/jest-jasmine2/build/queueRunner.js:119:41</stack-trace>
            </failure>
        </test-case>
        <test-case start='1663819936997' status='failed' stop='1663819940407'>
            <name>pagination</name>
            <title>pagination</title>
            <labels/>
            <parameters/>
            <steps/>
            <attachments/>
            <failure>
                <message>Error: Timeout - Async callback was not invoked within the 20000 ms timeout specified by jest.setTimeout.</message>
                <stack-trace>Timeout - Async callback was not invoked within the 20000 ms timeout specified by jest.setTimeout.Error: Timeout - Async callback was not invoked within the 20000 ms timeout specified by jest.setTimeout.
                    at mapper (/home/runner/work/woocommerce/woocommerce/node_modules/.pnpm/jest-jasmine2@27.5.1/node_modules/jest-jasmine2/build/queueRunner.js:71:45)
                    at /home/runner/work/woocommerce/woocommerce/node_modules/.pnpm/jest-jasmine2@27.5.1/node_modules/jest-jasmine2/build/queueRunner.js:119:41</stack-trace>
            </failure>
        </test-case>
        <test-case start='1663819940408' status='failed' stop='1663819941747'>
            <name>search</name>
            <title>search</title>
            <labels/>
            <parameters/>
            <steps/>
            <attachments/>
            <failure>
                <message>Error: Timeout - Async callback was not invoked within the 20000 ms timeout specified by jest.setTimeout.</message>
                <stack-trace>Timeout - Async callback was not invoked within the 20000 ms timeout specified by jest.setTimeout.Error: Timeout - Async callback was not invoked within the 20000 ms timeout specified by jest.setTimeout.
                    at mapper (/home/runner/work/woocommerce/woocommerce/node_modules/.pnpm/jest-jasmine2@27.5.1/node_modules/jest-jasmine2/build/queueRunner.js:71:45)
                    at /home/runner/work/woocommerce/woocommerce/node_modules/.pnpm/jest-jasmine2@27.5.1/node_modules/jest-jasmine2/build/queueRunner.js:119:41</stack-trace>
            </failure>
        </test-case>
        <test-case start='1663819941747' status='failed' stop='1663819943374'>
            <name>inclusion / exclusion</name>
            <title>inclusion / exclusion</title>
            <labels/>
            <parameters/>
            <steps/>
            <attachments/>
            <failure>
                <message>Error: Timeout - Async callback was not invoked within the 20000 ms timeout specified by jest.setTimeout.</message>
                <stack-trace>Timeout - Async callback was not invoked within the 20000 ms timeout specified by jest.setTimeout.Error: Timeout - Async callback was not invoked within the 20000 ms timeout specified by jest.setTimeout.
                    at mapper (/home/runner/work/woocommerce/woocommerce/node_modules/.pnpm/jest-jasmine2@27.5.1/node_modules/jest-jasmine2/build/queueRunner.js:71:45)
                    at /home/runner/work/woocommerce/woocommerce/node_modules/.pnpm/jest-jasmine2@27.5.1/node_modules/jest-jasmine2/build/queueRunner.js:119:41</stack-trace>
            </failure>
        </test-case>
        <test-case start='1663819943374' status='failed' stop='1663819945533'>
            <name>slug</name>
            <title>slug</title>
            <labels/>
            <parameters/>
            <steps/>
            <attachments/>
            <failure>
                <message>Error: Timeout - Async callback was not invoked within the 20000 ms timeout specified by jest.setTimeout.</message>
                <stack-trace>Timeout - Async callback was not invoked within the 20000 ms timeout specified by jest.setTimeout.Error: Timeout - Async callback was not invoked within the 20000 ms timeout specified by jest.setTimeout.
                    at mapper (/home/runner/work/woocommerce/woocommerce/node_modules/.pnpm/jest-jasmine2@27.5.1/node_modules/jest-jasmine2/build/queueRunner.js:71:45)
                    at /home/runner/work/woocommerce/woocommerce/node_modules/.pnpm/jest-jasmine2@27.5.1/node_modules/jest-jasmine2/build/queueRunner.js:119:41</stack-trace>
            </failure>
        </test-case>
        <test-case start='1663819945533' status='failed' stop='1663819947969'>
            <name>sku</name>
            <title>sku</title>
            <labels/>
            <parameters/>
            <steps/>
            <attachments/>
            <failure>
                <message>Error: Timeout - Async callback was not invoked within the 20000 ms timeout specified by jest.setTimeout.</message>
                <stack-trace>Timeout - Async callback was not invoked within the 20000 ms timeout specified by jest.setTimeout.Error: Timeout - Async callback was not invoked within the 20000 ms timeout specified by jest.setTimeout.
                    at mapper (/home/runner/work/woocommerce/woocommerce/node_modules/.pnpm/jest-jasmine2@27.5.1/node_modules/jest-jasmine2/build/queueRunner.js:71:45)
                    at /home/runner/work/woocommerce/woocommerce/node_modules/.pnpm/jest-jasmine2@27.5.1/node_modules/jest-jasmine2/build/queueRunner.js:119:41</stack-trace>
            </failure>
        </test-case>
        <test-case start='1663819947969' status='failed' stop='1663819949420'>
            <name>type</name>
            <title>type</title>
            <labels/>
            <parameters/>
            <steps/>
            <attachments/>
            <failure>
                <message>Error: Timeout - Async callback was not invoked within the 20000 ms timeout specified by jest.setTimeout.</message>
                <stack-trace>Timeout - Async callback was not invoked within the 20000 ms timeout specified by jest.setTimeout.Error: Timeout - Async callback was not invoked within the 20000 ms timeout specified by jest.setTimeout.
                    at mapper (/home/runner/work/woocommerce/woocommerce/node_modules/.pnpm/jest-jasmine2@27.5.1/node_modules/jest-jasmine2/build/queueRunner.js:71:45)
                    at /home/runner/work/woocommerce/woocommerce/node_modules/.pnpm/jest-jasmine2@27.5.1/node_modules/jest-jasmine2/build/queueRunner.js:119:41</stack-trace>
            </failure>
        </test-case>
        <test-case start='1663819949420' status='failed' stop='1663819951734'>
            <name>featured</name>
            <title>featured</title>
            <labels/>
            <parameters/>
            <steps/>
            <attachments/>
            <failure>
                <message>Error: Timeout - Async callback was not invoked within the 20000 ms timeout specified by jest.setTimeout.</message>
                <stack-trace>Timeout - Async callback was not invoked within the 20000 ms timeout specified by jest.setTimeout.Error: Timeout - Async callback was not invoked within the 20000 ms timeout specified by jest.setTimeout.
                    at mapper (/home/runner/work/woocommerce/woocommerce/node_modules/.pnpm/jest-jasmine2@27.5.1/node_modules/jest-jasmine2/build/queueRunner.js:71:45)
                    at /home/runner/work/woocommerce/woocommerce/node_modules/.pnpm/jest-jasmine2@27.5.1/node_modules/jest-jasmine2/build/queueRunner.js:119:41</stack-trace>
            </failure>
        </test-case>
        <test-case start='1663819951734' status='failed' stop='1663819951735'>
            <name>categories</name>
            <title>categories</title>
            <labels/>
            <parameters/>
            <steps/>
            <attachments/>
            <failure>
                <message>Error: Timeout - Async callback was not invoked within the 20000 ms timeout specified by jest.setTimeout.</message>
                <stack-trace>Timeout - Async callback was not invoked within the 20000 ms timeout specified by jest.setTimeout.Error: Timeout - Async callback was not invoked within the 20000 ms timeout specified by jest.setTimeout.
                    at mapper (/home/runner/work/woocommerce/woocommerce/node_modules/.pnpm/jest-jasmine2@27.5.1/node_modules/jest-jasmine2/build/queueRunner.js:71:45)
                    at /home/runner/work/woocommerce/woocommerce/node_modules/.pnpm/jest-jasmine2@27.5.1/node_modules/jest-jasmine2/build/queueRunner.js:119:41</stack-trace>
            </failure>
        </test-case>
        <test-case start='1663819951735' status='failed' stop='1663819954079'>
            <name>on sale</name>
            <title>on sale</title>
            <labels/>
            <parameters/>
            <steps/>
            <attachments/>
            <failure>
                <message>Error: Timeout - Async callback was not invoked within the 20000 ms timeout specified by jest.setTimeout.</message>
                <stack-trace>Timeout - Async callback was not invoked within the 20000 ms timeout specified by jest.setTimeout.Error: Timeout - Async callback was not invoked within the 20000 ms timeout specified by jest.setTimeout.
                    at mapper (/home/runner/work/woocommerce/woocommerce/node_modules/.pnpm/jest-jasmine2@27.5.1/node_modules/jest-jasmine2/build/queueRunner.js:71:45)
                    at /home/runner/work/woocommerce/woocommerce/node_modules/.pnpm/jest-jasmine2@27.5.1/node_modules/jest-jasmine2/build/queueRunner.js:119:41</stack-trace>
            </failure>
        </test-case>
        <test-case start='1663819954079' status='failed' stop='1663819957621'>
            <name>price</name>
            <title>price</title>
            <labels/>
            <parameters/>
            <steps/>
            <attachments/>
            <failure>
                <message>Error: Timeout - Async callback was not invoked within the 20000 ms timeout specified by jest.setTimeout.</message>
                <stack-trace>Timeout - Async callback was not invoked within the 20000 ms timeout specified by jest.setTimeout.Error: Timeout - Async callback was not invoked within the 20000 ms timeout specified by jest.setTimeout.
                    at mapper (/home/runner/work/woocommerce/woocommerce/node_modules/.pnpm/jest-jasmine2@27.5.1/node_modules/jest-jasmine2/build/queueRunner.js:71:45)
                    at /home/runner/work/woocommerce/woocommerce/node_modules/.pnpm/jest-jasmine2@27.5.1/node_modules/jest-jasmine2/build/queueRunner.js:119:41</stack-trace>
            </failure>
        </test-case>
        <test-case start='1663819957621' status='failed' stop='1663819960242'>
            <name>before / after</name>
            <title>before / after</title>
            <labels/>
            <parameters/>
            <steps/>
            <attachments/>
            <failure>
                <message>Error: Timeout - Async callback was not invoked within the 20000 ms timeout specified by jest.setTimeout.</message>
                <stack-trace>Timeout - Async callback was not invoked within the 20000 ms timeout specified by jest.setTimeout.Error: Timeout - Async callback was not invoked within the 20000 ms timeout specified by jest.setTimeout.
                    at mapper (/home/runner/work/woocommerce/woocommerce/node_modules/.pnpm/jest-jasmine2@27.5.1/node_modules/jest-jasmine2/build/queueRunner.js:71:45)
                    at /home/runner/work/woocommerce/woocommerce/node_modules/.pnpm/jest-jasmine2@27.5.1/node_modules/jest-jasmine2/build/queueRunner.js:119:41</stack-trace>
            </failure>
        </test-case>
        <test-case start='1663819960242' status='failed' stop='1663819960242'>
            <name>attributes</name>
            <title>attributes</title>
            <labels/>
            <parameters/>
            <steps/>
            <attachments/>
            <failure>
                <message>Error: Timeout - Async callback was not invoked within the 20000 ms timeout specified by jest.setTimeout.</message>
                <stack-trace>Timeout - Async callback was not invoked within the 20000 ms timeout specified by jest.setTimeout.Error: Timeout - Async callback was not invoked within the 20000 ms timeout specified by jest.setTimeout.
                    at mapper (/home/runner/work/woocommerce/woocommerce/node_modules/.pnpm/jest-jasmine2@27.5.1/node_modules/jest-jasmine2/build/queueRunner.js:71:45)
                    at /home/runner/work/woocommerce/woocommerce/node_modules/.pnpm/jest-jasmine2@27.5.1/node_modules/jest-jasmine2/build/queueRunner.js:119:41</stack-trace>
            </failure>
        </test-case>
        <test-case start='1663819960243' status='failed' stop='1663819963544'>
            <name>status</name>
            <title>status</title>
            <labels/>
            <parameters/>
            <steps/>
            <attachments/>
            <failure>
                <message>Error: Timeout - Async callback was not invoked within the 20000 ms timeout specified by jest.setTimeout.</message>
                <stack-trace>Timeout - Async callback was not invoked within the 20000 ms timeout specified by jest.setTimeout.Error: Timeout - Async callback was not invoked within the 20000 ms timeout specified by jest.setTimeout.
                    at mapper (/home/runner/work/woocommerce/woocommerce/node_modules/.pnpm/jest-jasmine2@27.5.1/node_modules/jest-jasmine2/build/queueRunner.js:71:45)
                    at /home/runner/work/woocommerce/woocommerce/node_modules/.pnpm/jest-jasmine2@27.5.1/node_modules/jest-jasmine2/build/queueRunner.js:119:41</stack-trace>
            </failure>
        </test-case>
        <test-case start='1663819963544' status='failed' stop='1663819963545'>
            <name>shipping class</name>
            <title>shipping class</title>
            <labels/>
            <parameters/>
            <steps/>
            <attachments/>
            <failure>
                <message>Error: Timeout - Async callback was not invoked within the 20000 ms timeout specified by jest.setTimeout.</message>
                <stack-trace>Timeout - Async callback was not invoked within the 20000 ms timeout specified by jest.setTimeout.Error: Timeout - Async callback was not invoked within the 20000 ms timeout specified by jest.setTimeout.
                    at mapper (/home/runner/work/woocommerce/woocommerce/node_modules/.pnpm/jest-jasmine2@27.5.1/node_modules/jest-jasmine2/build/queueRunner.js:71:45)
                    at /home/runner/work/woocommerce/woocommerce/node_modules/.pnpm/jest-jasmine2@27.5.1/node_modules/jest-jasmine2/build/queueRunner.js:119:41</stack-trace>
            </failure>
        </test-case>
        <test-case start='1663819963545' status='failed' stop='1663819965045'>
            <name>tax class</name>
            <title>tax class</title>
            <labels/>
            <parameters/>
            <steps/>
            <attachments/>
            <failure>
                <message>Error: Timeout - Async callback was not invoked within the 20000 ms timeout specified by jest.setTimeout.</message>
                <stack-trace>Timeout - Async callback was not invoked within the 20000 ms timeout specified by jest.setTimeout.Error: Timeout - Async callback was not invoked within the 20000 ms timeout specified by jest.setTimeout.
                    at mapper (/home/runner/work/woocommerce/woocommerce/node_modules/.pnpm/jest-jasmine2@27.5.1/node_modules/jest-jasmine2/build/queueRunner.js:71:45)
                    at /home/runner/work/woocommerce/woocommerce/node_modules/.pnpm/jest-jasmine2@27.5.1/node_modules/jest-jasmine2/build/queueRunner.js:119:41</stack-trace>
            </failure>
        </test-case>
        <test-case start='1663819965045' status='failed' stop='1663819966204'>
            <name>stock status</name>
            <title>stock status</title>
            <labels/>
            <parameters/>
            <steps/>
            <attachments/>
            <failure>
                <message>Error: Timeout - Async callback was not invoked within the 20000 ms timeout specified by jest.setTimeout.</message>
                <stack-trace>Timeout - Async callback was not invoked within the 20000 ms timeout specified by jest.setTimeout.Error: Timeout - Async callback was not invoked within the 20000 ms timeout specified by jest.setTimeout.
                    at mapper (/home/runner/work/woocommerce/woocommerce/node_modules/.pnpm/jest-jasmine2@27.5.1/node_modules/jest-jasmine2/build/queueRunner.js:71:45)
                    at /home/runner/work/woocommerce/woocommerce/node_modules/.pnpm/jest-jasmine2@27.5.1/node_modules/jest-jasmine2/build/queueRunner.js:119:41</stack-trace>
            </failure>
        </test-case>
        <test-case start='1663819966204' status='failed' stop='1663819966204'>
            <name>tags</name>
            <title>tags</title>
            <labels/>
            <parameters/>
            <steps/>
            <attachments/>
            <failure>
                <message>Error: Timeout - Async callback was not invoked within the 20000 ms timeout specified by jest.setTimeout.</message>
                <stack-trace>Timeout - Async callback was not invoked within the 20000 ms timeout specified by jest.setTimeout.Error: Timeout - Async callback was not invoked within the 20000 ms timeout specified by jest.setTimeout.
                    at mapper (/home/runner/work/woocommerce/woocommerce/node_modules/.pnpm/jest-jasmine2@27.5.1/node_modules/jest-jasmine2/build/queueRunner.js:71:45)
                    at /home/runner/work/woocommerce/woocommerce/node_modules/.pnpm/jest-jasmine2@27.5.1/node_modules/jest-jasmine2/build/queueRunner.js:119:41</stack-trace>
            </failure>
        </test-case>
        <test-case start='1663819966204' status='failed' stop='1663819966205'>
            <name>parent</name>
            <title>parent</title>
            <labels/>
            <parameters/>
            <steps/>
            <attachments/>
            <failure>
                <message>Error: Timeout - Async callback was not invoked within the 20000 ms timeout specified by jest.setTimeout.</message>
                <stack-trace>Timeout - Async callback was not invoked within the 20000 ms timeout specified by jest.setTimeout.Error: Timeout - Async callback was not invoked within the 20000 ms timeout specified by jest.setTimeout.
                    at mapper (/home/runner/work/woocommerce/woocommerce/node_modules/.pnpm/jest-jasmine2@27.5.1/node_modules/jest-jasmine2/build/queueRunner.js:71:45)
                    at /home/runner/work/woocommerce/woocommerce/node_modules/.pnpm/jest-jasmine2@27.5.1/node_modules/jest-jasmine2/build/queueRunner.js:119:41</stack-trace>
            </failure>
        </test-case>
    </test-cases>
</ns2:test-suite>