<?xml version='1.0'?>
<ns2:test-suite xmlns:ns2='urn:model.allure.qatools.yandex.ru' start='1664512017477' stop='1664512033574'>
    <name>Orders API tests List all orders orderby</name>
    <title>Orders API tests List all orders orderby</title>
    <test-cases>
        <test-case start='1664512017477' status='failed' stop='1664512020377'>
            <name>default</name>
            <title>default</title>
            <labels/>
            <parameters/>
            <steps/>
            <attachments/>
            <failure>
                <message>Error: Timeout - Async callback was not invoked within the 100000 ms timeout specified by jest.setTimeout.</message>
                <stack-trace>Timeout - Async callback was not invoked within the 100000 ms timeout specified by jest.setTimeout.Error: Timeout - Async callback was not invoked within the 100000 ms timeout specified by jest.setTimeout.
                    at mapper (/home/runner/work/woocommerce/woocommerce/node_modules/.pnpm/jest-jasmine2@27.5.1/node_modules/jest-jasmine2/build/queueRunner.js:71:45)
                    at /home/runner/work/woocommerce/woocommerce/node_modules/.pnpm/jest-jasmine2@27.5.1/node_modules/jest-jasmine2/build/queueRunner.js:119:41</stack-trace>
            </failure>
        </test-case>
        <test-case start='1664512020377' status='failed' stop='1664512023054'>
            <name>date</name>
            <title>date</title>
            <labels/>
            <parameters/>
            <steps/>
            <attachments/>
            <failure>
                <message>Error: Timeout - Async callback was not invoked within the 100000 ms timeout specified by jest.setTimeout.</message>
                <stack-trace>Timeout - Async callback was not invoked within the 100000 ms timeout specified by jest.setTimeout.Error: Timeout - Async callback was not invoked within the 100000 ms timeout specified by jest.setTimeout.
                    at mapper (/home/runner/work/woocommerce/woocommerce/node_modules/.pnpm/jest-jasmine2@27.5.1/node_modules/jest-jasmine2/build/queueRunner.js:71:45)
                    at /home/runner/work/woocommerce/woocommerce/node_modules/.pnpm/jest-jasmine2@27.5.1/node_modules/jest-jasmine2/build/queueRunner.js:119:41</stack-trace>
            </failure>
        </test-case>
        <test-case start='1664512023054' status='failed' stop='1664512028387'>
            <name>id</name>
            <title>id</title>
            <labels/>
            <parameters/>
            <steps/>
            <attachments/>
            <failure>
                <message>Error: Timeout - Async callback was not invoked within the 100000 ms timeout specified by jest.setTimeout.</message>
                <stack-trace>Timeout - Async callback was not invoked within the 100000 ms timeout specified by jest.setTimeout.Error: Timeout - Async callback was not invoked within the 100000 ms timeout specified by jest.setTimeout.
                    at mapper (/home/runner/work/woocommerce/woocommerce/node_modules/.pnpm/jest-jasmine2@27.5.1/node_modules/jest-jasmine2/build/queueRunner.js:71:45)
                    at /home/runner/work/woocommerce/woocommerce/node_modules/.pnpm/jest-jasmine2@27.5.1/node_modules/jest-jasmine2/build/queueRunner.js:119:41</stack-trace>
            </failure>
        </test-case>
        <test-case start='1664512028388' status='failed' stop='1664512033574'>
            <name>include</name>
            <title>include</title>
            <labels/>
            <parameters/>
            <steps/>
            <attachments/>
            <failure>
                <message>Error: Timeout - Async callback was not invoked within the 100000 ms timeout specified by jest.setTimeout.</message>
                <stack-trace>Timeout - Async callback was not invoked within the 100000 ms timeout specified by jest.setTimeout.Error: Timeout - Async callback was not invoked within the 100000 ms timeout specified by jest.setTimeout.
                    at mapper (/home/runner/work/woocommerce/woocommerce/node_modules/.pnpm/jest-jasmine2@27.5.1/node_modules/jest-jasmine2/build/queueRunner.js:71:45)
                    at /home/runner/work/woocommerce/woocommerce/node_modules/.pnpm/jest-jasmine2@27.5.1/node_modules/jest-jasmine2/build/queueRunner.js:119:41</stack-trace>
            </failure>
        </test-case>
    </test-cases>
</ns2:test-suite>