<?xml version='1.0'?>
<ns2:test-suite xmlns:ns2='urn:model.allure.qatools.yandex.ru' start='1665201175874' stop='1665201194222'>
    <name>Products API tests: List All Products List all products orderby</name>
    <title>Products API tests: List All Products List all products orderby</title>
    <test-cases>
        <test-case start='1665201175874' status='failed' stop='1665201177952'>
            <name>default</name>
            <title>default</title>
            <labels/>
            <parameters/>
            <steps/>
            <attachments/>
            <failure>
                <message>Error: Timeout - Async callback was not invoked within the 20000 ms timeout specified by jest.setTimeout.</message>
                <stack-trace>Timeout - Async callback was not invoked within the 20000 ms timeout specified by jest.setTimeout.Error: Timeout - Async callback was not invoked within the 20000 ms timeout specified by jest.setTimeout.
                    at mapper (/home/runner/work/woocommerce/woocommerce/node_modules/.pnpm/jest-jasmine2@27.5.1/node_modules/jest-jasmine2/build/queueRunner.js:71:45)
                    at /home/runner/work/woocommerce/woocommerce/node_modules/.pnpm/jest-jasmine2@27.5.1/node_modules/jest-jasmine2/build/queueRunner.js:119:41</stack-trace>
            </failure>
        </test-case>
        <test-case start='1665201177953' status='failed' stop='1665201180263'>
            <name>date</name>
            <title>date</title>
            <labels/>
            <parameters/>
            <steps/>
            <attachments/>
            <failure>
                <message>Error: Timeout - Async callback was not invoked within the 20000 ms timeout specified by jest.setTimeout.</message>
                <stack-trace>Timeout - Async callback was not invoked within the 20000 ms timeout specified by jest.setTimeout.Error: Timeout - Async callback was not invoked within the 20000 ms timeout specified by jest.setTimeout.
                    at mapper (/home/runner/work/woocommerce/woocommerce/node_modules/.pnpm/jest-jasmine2@27.5.1/node_modules/jest-jasmine2/build/queueRunner.js:71:45)
                    at /home/runner/work/woocommerce/woocommerce/node_modules/.pnpm/jest-jasmine2@27.5.1/node_modules/jest-jasmine2/build/queueRunner.js:119:41</stack-trace>
            </failure>
        </test-case>
        <test-case start='1665201180263' status='failed' stop='1665201182614'>
            <name>id</name>
            <title>id</title>
            <labels/>
            <parameters/>
            <steps/>
            <attachments/>
            <failure>
                <message>Error: Timeout - Async callback was not invoked within the 20000 ms timeout specified by jest.setTimeout.</message>
                <stack-trace>Timeout - Async callback was not invoked within the 20000 ms timeout specified by jest.setTimeout.Error: Timeout - Async callback was not invoked within the 20000 ms timeout specified by jest.setTimeout.
                    at mapper (/home/runner/work/woocommerce/woocommerce/node_modules/.pnpm/jest-jasmine2@27.5.1/node_modules/jest-jasmine2/build/queueRunner.js:71:45)
                    at /home/runner/work/woocommerce/woocommerce/node_modules/.pnpm/jest-jasmine2@27.5.1/node_modules/jest-jasmine2/build/queueRunner.js:119:41</stack-trace>
            </failure>
        </test-case>
        <test-case start='1665201182614' status='failed' stop='1665201184953'>
            <name>title</name>
            <title>title</title>
            <labels/>
            <parameters/>
            <steps/>
            <attachments/>
            <failure>
                <message>Error: Timeout - Async callback was not invoked within the 20000 ms timeout specified by jest.setTimeout.</message>
                <stack-trace>Timeout - Async callback was not invoked within the 20000 ms timeout specified by jest.setTimeout.Error: Timeout - Async callback was not invoked within the 20000 ms timeout specified by jest.setTimeout.
                    at mapper (/home/runner/work/woocommerce/woocommerce/node_modules/.pnpm/jest-jasmine2@27.5.1/node_modules/jest-jasmine2/build/queueRunner.js:71:45)
                    at /home/runner/work/woocommerce/woocommerce/node_modules/.pnpm/jest-jasmine2@27.5.1/node_modules/jest-jasmine2/build/queueRunner.js:119:41</stack-trace>
            </failure>
        </test-case>
        <test-case start='1665201184953' status='failed' stop='1665201187114'>
            <name>slug</name>
            <title>slug</title>
            <labels/>
            <parameters/>
            <steps/>
            <attachments/>
            <failure>
                <message>Error: Timeout - Async callback was not invoked within the 20000 ms timeout specified by jest.setTimeout.</message>
                <stack-trace>Timeout - Async callback was not invoked within the 20000 ms timeout specified by jest.setTimeout.Error: Timeout - Async callback was not invoked within the 20000 ms timeout specified by jest.setTimeout.
                    at mapper (/home/runner/work/woocommerce/woocommerce/node_modules/.pnpm/jest-jasmine2@27.5.1/node_modules/jest-jasmine2/build/queueRunner.js:71:45)
                    at /home/runner/work/woocommerce/woocommerce/node_modules/.pnpm/jest-jasmine2@27.5.1/node_modules/jest-jasmine2/build/queueRunner.js:119:41</stack-trace>
            </failure>
        </test-case>
        <test-case start='1665201187114' status='failed' stop='1665201189641'>
            <name>price</name>
            <title>price</title>
            <labels/>
            <parameters/>
            <steps/>
            <attachments/>
            <failure>
                <message>Error: Timeout - Async callback was not invoked within the 20000 ms timeout specified by jest.setTimeout.</message>
                <stack-trace>Timeout - Async callback was not invoked within the 20000 ms timeout specified by jest.setTimeout.Error: Timeout - Async callback was not invoked within the 20000 ms timeout specified by jest.setTimeout.
                    at mapper (/home/runner/work/woocommerce/woocommerce/node_modules/.pnpm/jest-jasmine2@27.5.1/node_modules/jest-jasmine2/build/queueRunner.js:71:45)
                    at /home/runner/work/woocommerce/woocommerce/node_modules/.pnpm/jest-jasmine2@27.5.1/node_modules/jest-jasmine2/build/queueRunner.js:119:41</stack-trace>
            </failure>
        </test-case>
        <test-case start='1665201189642' status='failed' stop='1665201189642'>
            <name>include</name>
            <title>include</title>
            <labels/>
            <parameters/>
            <steps/>
            <attachments/>
            <failure>
                <message>Error: Timeout - Async callback was not invoked within the 20000 ms timeout specified by jest.setTimeout.</message>
                <stack-trace>Timeout - Async callback was not invoked within the 20000 ms timeout specified by jest.setTimeout.Error: Timeout - Async callback was not invoked within the 20000 ms timeout specified by jest.setTimeout.
                    at mapper (/home/runner/work/woocommerce/woocommerce/node_modules/.pnpm/jest-jasmine2@27.5.1/node_modules/jest-jasmine2/build/queueRunner.js:71:45)
                    at /home/runner/work/woocommerce/woocommerce/node_modules/.pnpm/jest-jasmine2@27.5.1/node_modules/jest-jasmine2/build/queueRunner.js:119:41</stack-trace>
            </failure>
        </test-case>
        <test-case start='1665201189642' status='failed' stop='1665201191960'>
            <name>rating (desc)</name>
            <title>rating (desc)</title>
            <labels/>
            <parameters/>
            <steps/>
            <attachments/>
            <failure>
                <message>Error: Timeout - Async callback was not invoked within the 20000 ms timeout specified by jest.setTimeout.</message>
                <stack-trace>Timeout - Async callback was not invoked within the 20000 ms timeout specified by jest.setTimeout.Error: Timeout - Async callback was not invoked within the 20000 ms timeout specified by jest.setTimeout.
                    at mapper (/home/runner/work/woocommerce/woocommerce/node_modules/.pnpm/jest-jasmine2@27.5.1/node_modules/jest-jasmine2/build/queueRunner.js:71:45)
                    at /home/runner/work/woocommerce/woocommerce/node_modules/.pnpm/jest-jasmine2@27.5.1/node_modules/jest-jasmine2/build/queueRunner.js:119:41</stack-trace>
            </failure>
        </test-case>
        <test-case start='1665201191960' status='pending' stop='1665201191960'>
            <name>rating (asc)</name>
            <title>rating (asc)</title>
            <labels/>
            <parameters/>
            <steps/>
            <attachments/>
            <failure>
                <message>Error: Timeout - Async callback was not invoked within the 20000 ms timeout specified by jest.setTimeout.</message>
                <stack-trace>Timeout - Async callback was not invoked within the 20000 ms timeout specified by jest.setTimeout.Error: Timeout - Async callback was not invoked within the 20000 ms timeout specified by jest.setTimeout.
                    at mapper (/home/runner/work/woocommerce/woocommerce/node_modules/.pnpm/jest-jasmine2@27.5.1/node_modules/jest-jasmine2/build/queueRunner.js:71:45)
                    at /home/runner/work/woocommerce/woocommerce/node_modules/.pnpm/jest-jasmine2@27.5.1/node_modules/jest-jasmine2/build/queueRunner.js:119:41</stack-trace>
            </failure>
        </test-case>
        <test-case start='1665201191960' status='failed' stop='1665201194221'>
            <name>popularity (desc)</name>
            <title>popularity (desc)</title>
            <labels/>
            <parameters/>
            <steps/>
            <attachments/>
            <failure>
                <message>Error: Timeout - Async callback was not invoked within the 20000 ms timeout specified by jest.setTimeout.</message>
                <stack-trace>Timeout - Async callback was not invoked within the 20000 ms timeout specified by jest.setTimeout.Error: Timeout - Async callback was not invoked within the 20000 ms timeout specified by jest.setTimeout.
                    at mapper (/home/runner/work/woocommerce/woocommerce/node_modules/.pnpm/jest-jasmine2@27.5.1/node_modules/jest-jasmine2/build/queueRunner.js:71:45)
                    at /home/runner/work/woocommerce/woocommerce/node_modules/.pnpm/jest-jasmine2@27.5.1/node_modules/jest-jasmine2/build/queueRunner.js:119:41</stack-trace>
            </failure>
        </test-case>
        <test-case start='1665201194222' status='pending' stop='1665201194222'>
            <name>popularity (asc)</name>
            <title>popularity (asc)</title>
            <labels/>
            <parameters/>
            <steps/>
            <attachments/>
            <failure>
                <message>Error: Timeout - Async callback was not invoked within the 20000 ms timeout specified by jest.setTimeout.</message>
                <stack-trace>Timeout - Async callback was not invoked within the 20000 ms timeout specified by jest.setTimeout.Error: Timeout - Async callback was not invoked within the 20000 ms timeout specified by jest.setTimeout.
                    at mapper (/home/runner/work/woocommerce/woocommerce/node_modules/.pnpm/jest-jasmine2@27.5.1/node_modules/jest-jasmine2/build/queueRunner.js:71:45)
                    at /home/runner/work/woocommerce/woocommerce/node_modules/.pnpm/jest-jasmine2@27.5.1/node_modules/jest-jasmine2/build/queueRunner.js:119:41</stack-trace>
            </failure>
        </test-case>
    </test-cases>
</ns2:test-suite>