<?xml version='1.0'?>
<ns2:test-suite xmlns:ns2='urn:model.allure.qatools.yandex.ru' start='1653556134634' stop='1653556162533'>
    <name>Orders API tests: CRUD Create an order</name>
    <title>Orders API tests: CRUD Create an order</title>
    <test-cases>
        <test-case start='1653556134634' status='passed' stop='1653556135964'>
            <name>can create a pending order by default</name>
            <title>can create a pending order by default</title>
            <labels/>
            <parameters/>
            <steps/>
            <attachments/>
        </test-case>
        <test-case start='1653556135965' status='failed' stop='1653556140966'>
            <name>can create an order with status 'pending'</name>
            <title>can create an order with status 'pending'</title>
            <labels/>
            <parameters/>
            <steps/>
            <attachments/>
            <failure>
                <message>: Timeout - Async callback was not invoked within the 5000ms timeout specified by jest.setTimeout.</message>
                <stack-trace>Timeout - Async callback was not invoked within the 5000ms timeout specified by jest.setTimeout.Error: 
                    at new Spec (/home/runner/work/woocommerce/woocommerce/node_modules/.pnpm/jest-jasmine2@25.5.4/node_modules/jest-jasmine2/build/jasmine/Spec.js:116:22)
                    at new Spec (/home/runner/work/woocommerce/woocommerce/node_modules/.pnpm/jest-jasmine2@25.5.4/node_modules/jest-jasmine2/build/setup_jest_globals.js:78:9)
                    at specFactory (/home/runner/work/woocommerce/woocommerce/node_modules/.pnpm/jest-jasmine2@25.5.4/node_modules/jest-jasmine2/build/jasmine/Env.js:523:24)
                    at Env.it (/home/runner/work/woocommerce/woocommerce/node_modules/.pnpm/jest-jasmine2@25.5.4/node_modules/jest-jasmine2/build/jasmine/Env.js:592:24)
                    at Env.it (/home/runner/work/woocommerce/woocommerce/node_modules/.pnpm/jest-jasmine2@25.5.4/node_modules/jest-jasmine2/build/jasmineAsyncInstall.js:128:23)
                    at it (/home/runner/work/woocommerce/woocommerce/node_modules/.pnpm/jest-jasmine2@25.5.4/node_modules/jest-jasmine2/build/jasmine/jasmineLight.js:100:21)
                    at /home/runner/work/woocommerce/woocommerce/node_modules/.pnpm/jest-each@25.5.0/node_modules/jest-each/build/bind.js:42:9
                    at Array.forEach (&lt;anonymous>)
                    at eachBind (/home/runner/work/woocommerce/woocommerce/node_modules/.pnpm/jest-each@25.5.0/node_modules/jest-each/build/bind.js:41:20)
                    at Suite.&lt;anonymous> (/home/runner/work/woocommerce/woocommerce/packages/js/api-core-tests/tests/orders/orders-crud.test.js:87:3)
                    at addSpecsToSuite (/home/runner/work/woocommerce/woocommerce/node_modules/.pnpm/jest-jasmine2@25.5.4/node_modules/jest-jasmine2/build/jasmine/Env.js:444:51)
                    at Env.describe (/home/runner/work/woocommerce/woocommerce/node_modules/.pnpm/jest-jasmine2@25.5.4/node_modules/jest-jasmine2/build/jasmine/Env.js:414:11)
                    at describe (/home/runner/work/woocommerce/woocommerce/node_modules/.pnpm/jest-jasmine2@25.5.4/node_modules/jest-jasmine2/build/jasmine/jasmineLight.js:88:18)
                    at Suite.&lt;anonymous> (/home/runner/work/woocommerce/woocommerce/packages/js/api-core-tests/tests/orders/orders-crud.test.js:68:2)
                    at addSpecsToSuite (/home/runner/work/woocommerce/woocommerce/node_modules/.pnpm/jest-jasmine2@25.5.4/node_modules/jest-jasmine2/build/jasmine/Env.js:444:51)
                    at Env.describe (/home/runner/work/woocommerce/woocommerce/node_modules/.pnpm/jest-jasmine2@25.5.4/node_modules/jest-jasmine2/build/jasmine/Env.js:414:11)
                    at describe (/home/runner/work/woocommerce/woocommerce/node_modules/.pnpm/jest-jasmine2@25.5.4/node_modules/jest-jasmine2/build/jasmine/jasmineLight.js:88:18)
                    at Object.&lt;anonymous> (/home/runner/work/woocommerce/woocommerce/packages/js/api-core-tests/tests/orders/orders-crud.test.js:65:1)
                    at Runtime._execModule (/home/runner/work/woocommerce/woocommerce/node_modules/.pnpm/jest-runtime@25.5.4/node_modules/jest-runtime/build/index.js:1205:24)
                    at Runtime._loadModule (/home/runner/work/woocommerce/woocommerce/node_modules/.pnpm/jest-runtime@25.5.4/node_modules/jest-runtime/build/index.js:805:12)
                    at Runtime.requireModule (/home/runner/work/woocommerce/woocommerce/node_modules/.pnpm/jest-runtime@25.5.4/node_modules/jest-runtime/build/index.js:662:10)
                    at jasmine2 (/home/runner/work/woocommerce/woocommerce/node_modules/.pnpm/jest-jasmine2@25.5.4/node_modules/jest-jasmine2/build/index.js:228:13)
                    at runTestInternal (/home/runner/work/woocommerce/woocommerce/node_modules/.pnpm/jest-runner@25.5.4/node_modules/jest-runner/build/runTest.js:385:22)
                    at runTest (/home/runner/work/woocommerce/woocommerce/node_modules/.pnpm/jest-runner@25.5.4/node_modules/jest-runner/build/runTest.js:465:34)</stack-trace>
            </failure>
        </test-case>
        <test-case start='1653556140967' status='failed' stop='1653556145968'>
            <name>can create an order with status 'processing'</name>
            <title>can create an order with status 'processing'</title>
            <labels/>
            <parameters/>
            <steps/>
            <attachments/>
            <failure>
                <message>: Timeout - Async callback was not invoked within the 5000ms timeout specified by jest.setTimeout.</message>
                <stack-trace>Timeout - Async callback was not invoked within the 5000ms timeout specified by jest.setTimeout.Error: 
                    at new Spec (/home/runner/work/woocommerce/woocommerce/node_modules/.pnpm/jest-jasmine2@25.5.4/node_modules/jest-jasmine2/build/jasmine/Spec.js:116:22)
                    at new Spec (/home/runner/work/woocommerce/woocommerce/node_modules/.pnpm/jest-jasmine2@25.5.4/node_modules/jest-jasmine2/build/setup_jest_globals.js:78:9)
                    at specFactory (/home/runner/work/woocommerce/woocommerce/node_modules/.pnpm/jest-jasmine2@25.5.4/node_modules/jest-jasmine2/build/jasmine/Env.js:523:24)
                    at Env.it (/home/runner/work/woocommerce/woocommerce/node_modules/.pnpm/jest-jasmine2@25.5.4/node_modules/jest-jasmine2/build/jasmine/Env.js:592:24)
                    at Env.it (/home/runner/work/woocommerce/woocommerce/node_modules/.pnpm/jest-jasmine2@25.5.4/node_modules/jest-jasmine2/build/jasmineAsyncInstall.js:128:23)
                    at it (/home/runner/work/woocommerce/woocommerce/node_modules/.pnpm/jest-jasmine2@25.5.4/node_modules/jest-jasmine2/build/jasmine/jasmineLight.js:100:21)
                    at /home/runner/work/woocommerce/woocommerce/node_modules/.pnpm/jest-each@25.5.0/node_modules/jest-each/build/bind.js:42:9
                    at Array.forEach (&lt;anonymous>)
                    at eachBind (/home/runner/work/woocommerce/woocommerce/node_modules/.pnpm/jest-each@25.5.0/node_modules/jest-each/build/bind.js:41:20)
                    at Suite.&lt;anonymous> (/home/runner/work/woocommerce/woocommerce/packages/js/api-core-tests/tests/orders/orders-crud.test.js:87:3)
                    at addSpecsToSuite (/home/runner/work/woocommerce/woocommerce/node_modules/.pnpm/jest-jasmine2@25.5.4/node_modules/jest-jasmine2/build/jasmine/Env.js:444:51)
                    at Env.describe (/home/runner/work/woocommerce/woocommerce/node_modules/.pnpm/jest-jasmine2@25.5.4/node_modules/jest-jasmine2/build/jasmine/Env.js:414:11)
                    at describe (/home/runner/work/woocommerce/woocommerce/node_modules/.pnpm/jest-jasmine2@25.5.4/node_modules/jest-jasmine2/build/jasmine/jasmineLight.js:88:18)
                    at Suite.&lt;anonymous> (/home/runner/work/woocommerce/woocommerce/packages/js/api-core-tests/tests/orders/orders-crud.test.js:68:2)
                    at addSpecsToSuite (/home/runner/work/woocommerce/woocommerce/node_modules/.pnpm/jest-jasmine2@25.5.4/node_modules/jest-jasmine2/build/jasmine/Env.js:444:51)
                    at Env.describe (/home/runner/work/woocommerce/woocommerce/node_modules/.pnpm/jest-jasmine2@25.5.4/node_modules/jest-jasmine2/build/jasmine/Env.js:414:11)
                    at describe (/home/runner/work/woocommerce/woocommerce/node_modules/.pnpm/jest-jasmine2@25.5.4/node_modules/jest-jasmine2/build/jasmine/jasmineLight.js:88:18)
                    at Object.&lt;anonymous> (/home/runner/work/woocommerce/woocommerce/packages/js/api-core-tests/tests/orders/orders-crud.test.js:65:1)
                    at Runtime._execModule (/home/runner/work/woocommerce/woocommerce/node_modules/.pnpm/jest-runtime@25.5.4/node_modules/jest-runtime/build/index.js:1205:24)
                    at Runtime._loadModule (/home/runner/work/woocommerce/woocommerce/node_modules/.pnpm/jest-runtime@25.5.4/node_modules/jest-runtime/build/index.js:805:12)
                    at Runtime.requireModule (/home/runner/work/woocommerce/woocommerce/node_modules/.pnpm/jest-runtime@25.5.4/node_modules/jest-runtime/build/index.js:662:10)
                    at jasmine2 (/home/runner/work/woocommerce/woocommerce/node_modules/.pnpm/jest-jasmine2@25.5.4/node_modules/jest-jasmine2/build/index.js:228:13)
                    at runTestInternal (/home/runner/work/woocommerce/woocommerce/node_modules/.pnpm/jest-runner@25.5.4/node_modules/jest-runner/build/runTest.js:385:22)
                    at runTest (/home/runner/work/woocommerce/woocommerce/node_modules/.pnpm/jest-runner@25.5.4/node_modules/jest-runner/build/runTest.js:465:34)</stack-trace>
            </failure>
        </test-case>
        <test-case start='1653556145968' status='passed' stop='1653556148677'>
            <name>can create an order with status 'on-hold'</name>
            <title>can create an order with status 'on-hold'</title>
            <labels/>
            <parameters/>
            <steps/>
            <attachments/>
        </test-case>
        <test-case start='1653556148677' status='passed' stop='1653556151314'>
            <name>can create an order with status 'completed'</name>
            <title>can create an order with status 'completed'</title>
            <labels/>
            <parameters/>
            <steps/>
            <attachments/>
        </test-case>
        <test-case start='1653556151314' status='failed' stop='1653556156315'>
            <name>can create an order with status 'cancelled'</name>
            <title>can create an order with status 'cancelled'</title>
            <labels/>
            <parameters/>
            <steps/>
            <attachments/>
            <failure>
                <message>: Timeout - Async callback was not invoked within the 5000ms timeout specified by jest.setTimeout.</message>
                <stack-trace>Timeout - Async callback was not invoked within the 5000ms timeout specified by jest.setTimeout.Error: 
                    at new Spec (/home/runner/work/woocommerce/woocommerce/node_modules/.pnpm/jest-jasmine2@25.5.4/node_modules/jest-jasmine2/build/jasmine/Spec.js:116:22)
                    at new Spec (/home/runner/work/woocommerce/woocommerce/node_modules/.pnpm/jest-jasmine2@25.5.4/node_modules/jest-jasmine2/build/setup_jest_globals.js:78:9)
                    at specFactory (/home/runner/work/woocommerce/woocommerce/node_modules/.pnpm/jest-jasmine2@25.5.4/node_modules/jest-jasmine2/build/jasmine/Env.js:523:24)
                    at Env.it (/home/runner/work/woocommerce/woocommerce/node_modules/.pnpm/jest-jasmine2@25.5.4/node_modules/jest-jasmine2/build/jasmine/Env.js:592:24)
                    at Env.it (/home/runner/work/woocommerce/woocommerce/node_modules/.pnpm/jest-jasmine2@25.5.4/node_modules/jest-jasmine2/build/jasmineAsyncInstall.js:128:23)
                    at it (/home/runner/work/woocommerce/woocommerce/node_modules/.pnpm/jest-jasmine2@25.5.4/node_modules/jest-jasmine2/build/jasmine/jasmineLight.js:100:21)
                    at /home/runner/work/woocommerce/woocommerce/node_modules/.pnpm/jest-each@25.5.0/node_modules/jest-each/build/bind.js:42:9
                    at Array.forEach (&lt;anonymous>)
                    at eachBind (/home/runner/work/woocommerce/woocommerce/node_modules/.pnpm/jest-each@25.5.0/node_modules/jest-each/build/bind.js:41:20)
                    at Suite.&lt;anonymous> (/home/runner/work/woocommerce/woocommerce/packages/js/api-core-tests/tests/orders/orders-crud.test.js:87:3)
                    at addSpecsToSuite (/home/runner/work/woocommerce/woocommerce/node_modules/.pnpm/jest-jasmine2@25.5.4/node_modules/jest-jasmine2/build/jasmine/Env.js:444:51)
                    at Env.describe (/home/runner/work/woocommerce/woocommerce/node_modules/.pnpm/jest-jasmine2@25.5.4/node_modules/jest-jasmine2/build/jasmine/Env.js:414:11)
                    at describe (/home/runner/work/woocommerce/woocommerce/node_modules/.pnpm/jest-jasmine2@25.5.4/node_modules/jest-jasmine2/build/jasmine/jasmineLight.js:88:18)
                    at Suite.&lt;anonymous> (/home/runner/work/woocommerce/woocommerce/packages/js/api-core-tests/tests/orders/orders-crud.test.js:68:2)
                    at addSpecsToSuite (/home/runner/work/woocommerce/woocommerce/node_modules/.pnpm/jest-jasmine2@25.5.4/node_modules/jest-jasmine2/build/jasmine/Env.js:444:51)
                    at Env.describe (/home/runner/work/woocommerce/woocommerce/node_modules/.pnpm/jest-jasmine2@25.5.4/node_modules/jest-jasmine2/build/jasmine/Env.js:414:11)
                    at describe (/home/runner/work/woocommerce/woocommerce/node_modules/.pnpm/jest-jasmine2@25.5.4/node_modules/jest-jasmine2/build/jasmine/jasmineLight.js:88:18)
                    at Object.&lt;anonymous> (/home/runner/work/woocommerce/woocommerce/packages/js/api-core-tests/tests/orders/orders-crud.test.js:65:1)
                    at Runtime._execModule (/home/runner/work/woocommerce/woocommerce/node_modules/.pnpm/jest-runtime@25.5.4/node_modules/jest-runtime/build/index.js:1205:24)
                    at Runtime._loadModule (/home/runner/work/woocommerce/woocommerce/node_modules/.pnpm/jest-runtime@25.5.4/node_modules/jest-runtime/build/index.js:805:12)
                    at Runtime.requireModule (/home/runner/work/woocommerce/woocommerce/node_modules/.pnpm/jest-runtime@25.5.4/node_modules/jest-runtime/build/index.js:662:10)
                    at jasmine2 (/home/runner/work/woocommerce/woocommerce/node_modules/.pnpm/jest-jasmine2@25.5.4/node_modules/jest-jasmine2/build/index.js:228:13)
                    at runTestInternal (/home/runner/work/woocommerce/woocommerce/node_modules/.pnpm/jest-runner@25.5.4/node_modules/jest-runner/build/runTest.js:385:22)
                    at runTest (/home/runner/work/woocommerce/woocommerce/node_modules/.pnpm/jest-runner@25.5.4/node_modules/jest-runner/build/runTest.js:465:34)</stack-trace>
            </failure>
        </test-case>
        <test-case start='1653556156315' status='passed' stop='1653556159241'>
            <name>can create an order with status 'refunded'</name>
            <title>can create an order with status 'refunded'</title>
            <labels/>
            <parameters/>
            <steps/>
            <attachments/>
        </test-case>
        <test-case start='1653556159241' status='passed' stop='1653556162533'>
            <name>can create an order with status 'failed'</name>
            <title>can create an order with status 'failed'</title>
            <labels/>
            <parameters/>
            <steps/>
            <attachments/>
        </test-case>
    </test-cases>
</ns2:test-suite>