<?xml version='1.0'?>
<ns2:test-suite xmlns:ns2='urn:model.allure.qatools.yandex.ru' start='1653559563710' stop='1653559580753'>
    <name>Refunds API tests</name>
    <title>Refunds API tests</title>
    <test-cases>
        <test-case start='1653559566437' status='failed' stop='1653559571440'>
            <name>can create a refund</name>
            <title>can create a refund</title>
            <labels/>
            <parameters/>
            <steps/>
            <attachments/>
            <failure>
                <message>: Timeout - Async callback was not invoked within the 5000ms timeout specified by jest.setTimeout.</message>
                <stack-trace>Timeout - Async callback was not invoked within the 5000ms timeout specified by jest.setTimeout.Error: 
                    at new Spec (/home/runner/work/woocommerce/woocommerce/node_modules/.pnpm/jest-jasmine2@25.5.4/node_modules/jest-jasmine2/build/jasmine/Spec.js:116:22)
                    at new Spec (/home/runner/work/woocommerce/woocommerce/node_modules/.pnpm/jest-jasmine2@25.5.4/node_modules/jest-jasmine2/build/setup_jest_globals.js:78:9)
                    at specFactory (/home/runner/work/woocommerce/woocommerce/node_modules/.pnpm/jest-jasmine2@25.5.4/node_modules/jest-jasmine2/build/jasmine/Env.js:523:24)
                    at Env.it (/home/runner/work/woocommerce/woocommerce/node_modules/.pnpm/jest-jasmine2@25.5.4/node_modules/jest-jasmine2/build/jasmine/Env.js:592:24)
                    at Env.it (/home/runner/work/woocommerce/woocommerce/node_modules/.pnpm/jest-jasmine2@25.5.4/node_modules/jest-jasmine2/build/jasmineAsyncInstall.js:128:23)
                    at it (/home/runner/work/woocommerce/woocommerce/node_modules/.pnpm/jest-jasmine2@25.5.4/node_modules/jest-jasmine2/build/jasmine/jasmineLight.js:100:21)
                    at Suite.&lt;anonymous> (/home/runner/work/woocommerce/woocommerce/packages/js/api-core-tests/tests/refunds/refunds.test.js:58:2)
                    at addSpecsToSuite (/home/runner/work/woocommerce/woocommerce/node_modules/.pnpm/jest-jasmine2@25.5.4/node_modules/jest-jasmine2/build/jasmine/Env.js:444:51)
                    at Env.describe (/home/runner/work/woocommerce/woocommerce/node_modules/.pnpm/jest-jasmine2@25.5.4/node_modules/jest-jasmine2/build/jasmine/Env.js:414:11)
                    at describe (/home/runner/work/woocommerce/woocommerce/node_modules/.pnpm/jest-jasmine2@25.5.4/node_modules/jest-jasmine2/build/jasmine/jasmineLight.js:88:18)
                    at Object.&lt;anonymous> (/home/runner/work/woocommerce/woocommerce/packages/js/api-core-tests/tests/refunds/refunds.test.js:13:1)
                    at Runtime._execModule (/home/runner/work/woocommerce/woocommerce/node_modules/.pnpm/jest-runtime@25.5.4/node_modules/jest-runtime/build/index.js:1205:24)
                    at Runtime._loadModule (/home/runner/work/woocommerce/woocommerce/node_modules/.pnpm/jest-runtime@25.5.4/node_modules/jest-runtime/build/index.js:805:12)
                    at Runtime.requireModule (/home/runner/work/woocommerce/woocommerce/node_modules/.pnpm/jest-runtime@25.5.4/node_modules/jest-runtime/build/index.js:662:10)
                    at jasmine2 (/home/runner/work/woocommerce/woocommerce/node_modules/.pnpm/jest-jasmine2@25.5.4/node_modules/jest-jasmine2/build/index.js:228:13)
                    at runTestInternal (/home/runner/work/woocommerce/woocommerce/node_modules/.pnpm/jest-runner@25.5.4/node_modules/jest-runner/build/runTest.js:385:22)
                    at runTest (/home/runner/work/woocommerce/woocommerce/node_modules/.pnpm/jest-runner@25.5.4/node_modules/jest-runner/build/runTest.js:465:34)</stack-trace>
            </failure>
        </test-case>
        <test-case start='1653559571440' status='failed' stop='1653559572434'>
            <name>can retrieve a refund</name>
            <title>can retrieve a refund</title>
            <labels/>
            <parameters/>
            <steps/>
            <attachments/>
            <failure>
                <message>Error: expect(received).toEqual(expected) // deep equality
                
                Expected: 200
                Received: 404</message>
                <stack-trace>Error: expect(received).toEqual(expected) // deep equality
                
                Expected: 200
                Received: 404
                    at Object.&lt;anonymous> (/home/runner/work/woocommerce/woocommerce/packages/js/api-core-tests/tests/refunds/refunds.test.js:89:20)
                    at processTicksAndRejections (node:internal/process/task_queues:96:5)</stack-trace>
            </failure>
        </test-case>
        <test-case start='1653559572434' status='passed' stop='1653559573570'>
            <name>can list all refunds</name>
            <title>can list all refunds</title>
            <labels/>
            <parameters/>
            <steps/>
            <attachments/>
        </test-case>
        <test-case start='1653559573570' status='failed' stop='1653559578572'>
            <name>can delete a refund</name>
            <title>can delete a refund</title>
            <labels/>
            <parameters/>
            <steps/>
            <attachments/>
            <failure>
                <message>: Timeout - Async callback was not invoked within the 5000ms timeout specified by jest.setTimeout.</message>
                <stack-trace>Timeout - Async callback was not invoked within the 5000ms timeout specified by jest.setTimeout.Error: 
                    at new Spec (/home/runner/work/woocommerce/woocommerce/node_modules/.pnpm/jest-jasmine2@25.5.4/node_modules/jest-jasmine2/build/jasmine/Spec.js:116:22)
                    at new Spec (/home/runner/work/woocommerce/woocommerce/node_modules/.pnpm/jest-jasmine2@25.5.4/node_modules/jest-jasmine2/build/setup_jest_globals.js:78:9)
                    at specFactory (/home/runner/work/woocommerce/woocommerce/node_modules/.pnpm/jest-jasmine2@25.5.4/node_modules/jest-jasmine2/build/jasmine/Env.js:523:24)
                    at Env.it (/home/runner/work/woocommerce/woocommerce/node_modules/.pnpm/jest-jasmine2@25.5.4/node_modules/jest-jasmine2/build/jasmine/Env.js:592:24)
                    at Env.it (/home/runner/work/woocommerce/woocommerce/node_modules/.pnpm/jest-jasmine2@25.5.4/node_modules/jest-jasmine2/build/jasmineAsyncInstall.js:128:23)
                    at it (/home/runner/work/woocommerce/woocommerce/node_modules/.pnpm/jest-jasmine2@25.5.4/node_modules/jest-jasmine2/build/jasmine/jasmineLight.js:100:21)
                    at Suite.&lt;anonymous> (/home/runner/work/woocommerce/woocommerce/packages/js/api-core-tests/tests/refunds/refunds.test.js:101:2)
                    at addSpecsToSuite (/home/runner/work/woocommerce/woocommerce/node_modules/.pnpm/jest-jasmine2@25.5.4/node_modules/jest-jasmine2/build/jasmine/Env.js:444:51)
                    at Env.describe (/home/runner/work/woocommerce/woocommerce/node_modules/.pnpm/jest-jasmine2@25.5.4/node_modules/jest-jasmine2/build/jasmine/Env.js:414:11)
                    at describe (/home/runner/work/woocommerce/woocommerce/node_modules/.pnpm/jest-jasmine2@25.5.4/node_modules/jest-jasmine2/build/jasmine/jasmineLight.js:88:18)
                    at Object.&lt;anonymous> (/home/runner/work/woocommerce/woocommerce/packages/js/api-core-tests/tests/refunds/refunds.test.js:13:1)
                    at Runtime._execModule (/home/runner/work/woocommerce/woocommerce/node_modules/.pnpm/jest-runtime@25.5.4/node_modules/jest-runtime/build/index.js:1205:24)
                    at Runtime._loadModule (/home/runner/work/woocommerce/woocommerce/node_modules/.pnpm/jest-runtime@25.5.4/node_modules/jest-runtime/build/index.js:805:12)
                    at Runtime.requireModule (/home/runner/work/woocommerce/woocommerce/node_modules/.pnpm/jest-runtime@25.5.4/node_modules/jest-runtime/build/index.js:662:10)
                    at jasmine2 (/home/runner/work/woocommerce/woocommerce/node_modules/.pnpm/jest-jasmine2@25.5.4/node_modules/jest-jasmine2/build/index.js:228:13)
                    at runTestInternal (/home/runner/work/woocommerce/woocommerce/node_modules/.pnpm/jest-runner@25.5.4/node_modules/jest-runner/build/runTest.js:385:22)
                    at runTest (/home/runner/work/woocommerce/woocommerce/node_modules/.pnpm/jest-runner@25.5.4/node_modules/jest-runner/build/runTest.js:465:34)</stack-trace>
            </failure>
        </test-case>
    </test-cases>
</ns2:test-suite>